<?xml version="1.0" encoding="UTF-8" ?>
<testsuite tests="24" failures="6" name="com.example.testing_exercise.RunCucumberTest" time="50.054" errors="0" skipped="0">
  <properties>
    <property name="java.runtime.name" value="Java(TM) SE Runtime Environment"/>
    <property name="java.vm.version" value="16+36-2231"/>
    <property name="sun.boot.library.path" value="C:\Program Files\Java\jdk-16\bin"/>
    <property name="maven.multiModuleProjectDirectory" value="C:\Users\simon\IdeaProjects\testing-exercise"/>
    <property name="java.vm.vendor" value="Oracle Corporation"/>
    <property name="java.vendor.url" value="https://java.oracle.com/"/>
    <property name="guice.disable.misplaced.annotation.check" value="true"/>
    <property name="path.separator" value=";"/>
    <property name="java.vm.name" value="Java HotSpot(TM) 64-Bit Server VM"/>
    <property name="sun.os.patch.level" value=""/>
    <property name="user.script" value=""/>
    <property name="user.country" value="GB"/>
    <property name="sun.java.launcher" value="SUN_STANDARD"/>
    <property name="java.vm.specification.name" value="Java Virtual Machine Specification"/>
    <property name="user.dir" value="C:\Users\simon\IdeaProjects\testing-exercise"/>
    <property name="java.vm.compressedOopsMode" value="Zero based"/>
    <property name="java.runtime.version" value="16+36-2231"/>
    <property name="os.arch" value="amd64"/>
    <property name="java.io.tmpdir" value="C:\Users\simon\AppData\Local\Temp\"/>
    <property name="line.separator" value="
"/>
    <property name="java.vm.specification.vendor" value="Oracle Corporation"/>
    <property name="user.variant" value=""/>
    <property name="os.name" value="Windows 10"/>
    <property name="classworlds.conf" value="C:\Program Files\apache-maven-3.8.1\bin\..\bin\m2.conf"/>
    <property name="sun.jnu.encoding" value="Cp1252"/>
    <property name="java.library.path" value="C:\Program Files\Java\jdk-16\bin;C:\Windows\Sun\Java\bin;C:\Windows\system32;C:\Windows;%path%;C:\WebDriver\bin\;C:\Program Files\apache-maven-3.8.1\bin;C:\Users\simon\AppData\Local\Microsoft\WindowsApps;C:\Users\simon\.dotnet\tools;C:\Users\simon\AppData\Local\GitHubDesktop\bin;."/>
    <property name="maven.conf" value="C:\Program Files\apache-maven-3.8.1\bin\../conf"/>
    <property name="jdk.debug" value="release"/>
    <property name="java.class.version" value="60.0"/>
    <property name="java.specification.name" value="Java Platform API Specification"/>
    <property name="sun.management.compiler" value="HotSpot 64-Bit Tiered Compilers"/>
    <property name="os.version" value="10.0"/>
    <property name="library.jansi.path" value="C:\Program Files\apache-maven-3.8.1\bin\..\lib\jansi-native"/>
    <property name="user.home" value="C:\Users\simon"/>
    <property name="user.timezone" value="Europe/London"/>
    <property name="file.encoding" value="Cp1252"/>
    <property name="java.specification.version" value="16"/>
    <property name="user.name" value="simon"/>
    <property name="java.class.path" value="C:\Program Files\apache-maven-3.8.1\bin\..\boot\plexus-classworlds-2.6.0.jar"/>
    <property name="java.vm.specification.version" value="16"/>
    <property name="sun.arch.data.model" value="64"/>
    <property name="sun.java.command" value="org.codehaus.plexus.classworlds.launcher.Launcher test"/>
    <property name="java.home" value="C:\Program Files\Java\jdk-16"/>
    <property name="user.language" value="en"/>
    <property name="java.specification.vendor" value="Oracle Corporation"/>
    <property name="java.vm.info" value="mixed mode, sharing"/>
    <property name="java.version" value="16"/>
    <property name="java.vendor" value="Oracle Corporation"/>
    <property name="sun.stderr.encoding" value="cp850"/>
    <property name="maven.home" value="C:\Program Files\apache-maven-3.8.1\bin\.."/>
    <property name="file.separator" value="\"/>
    <property name="java.version.date" value="2021-03-16"/>
    <property name="java.vendor.url.bug" value="https://bugreport.java.com/bugreport/"/>
    <property name="sun.io.unicode.encoding" value="UnicodeLittle"/>
    <property name="sun.cpu.endian" value="little"/>
    <property name="sun.stdout.encoding" value="cp850"/>
    <property name="sun.cpu.isalist" value="amd64"/>
  </properties>
  <testcase classname="Checking car details" name="User goes to cartaxcheck.co.uk to check car details #1" time="2.647"/>
  <testcase classname="Checking car details" name="User goes to cartaxcheck.co.uk to check car details #2" time="5.624">
    <failure message="Element should not be empty: attribute value=&quot;&quot; and exact text &apos;&apos; {By.xpath: /html/body/div/div/div[2]/div[4]/div[1]/div/span/div[2]/dl[2]/dd}
Element: &apos;&lt;dd class=&quot;jsx-3496807389&quot;&gt;&lt;/dd&gt;&apos;
Screenshot: file:/C:/Users/simon/IdeaProjects/testing-exercise/build/reports/tests/1619796963721.0.png
Page source: file:/C:/Users/simon/IdeaProjects/testing-exercise/build/reports/tests/1619796963721.0.html
Timeout: 5 s." type="Element should not be empty">Element should not be empty: attribute value=&quot;&quot; and exact text &apos;&apos; {By.xpath: /html/body/div/div/div[2]/div[4]/div[1]/div/span/div[2]/dl[2]/dd}
Element: &apos;&lt;dd class=&quot;jsx-3496807389&quot;&gt;&lt;/dd&gt;&apos;
Screenshot: file:/C:/Users/simon/IdeaProjects/testing-exercise/build/reports/tests/1619796963721.0.png
Page source: file:/C:/Users/simon/IdeaProjects/testing-exercise/build/reports/tests/1619796963721.0.html
Timeout: 5 s.
	at com.codeborne.selenide.impl.WebElementSource.checkCondition(WebElementSource.java:118)
	at com.codeborne.selenide.commands.ShouldNot.execute(ShouldNot.java:30)
	at com.codeborne.selenide.commands.ShouldNot.execute(ShouldNot.java:14)
	at com.codeborne.selenide.commands.Commands.execute(Commands.java:155)
	at com.codeborne.selenide.impl.SelenideElementProxy.dispatchAndRetry(SelenideElementProxy.java:128)
	at com.codeborne.selenide.impl.SelenideElementProxy.invoke(SelenideElementProxy.java:80)
	at jdk.proxy2/jdk.proxy2.$Proxy15.shouldNotBe(Unknown Source)
	at com.example.testing_exercise.StepDefinitions.userGoesToTheWebsiteAndUsesCarIndex(StepDefinitions.java:105)
	at ✽.user goes to the website and uses car 1(classpath:com/example/testing_exercise/car.feature:4)
</failure>
    <system-out>
Scenario Template: User goes to cartaxcheck.co.uk to check car details &amp;#27;[90m# com/example/testing_exercise/car.feature:10&amp;#27;[0m
  &amp;#27;[31mWhen &amp;#27;[0m&amp;#27;[31muser goes to the website and uses car &amp;#27;[0m&amp;#27;[31m&amp;#27;[1m1&amp;#27;[0m                         &amp;#27;[90m# com.example.testing_exercise.StepDefinitions.userGoesToTheWebsiteAndUsesCarIndex(int)&amp;#27;[0m
      &amp;#27;[31mElement should not be empty: attribute value=&quot;&quot; and exact text &apos;&apos; {By.xpath: /html/body/div/div/div[2]/div[4]/div[1]/div/span/div[2]/dl[2]/dd}
Element: &apos;&lt;dd class=&quot;jsx-3496807389&quot;&gt;&lt;/dd&gt;&apos;
Screenshot: file:/C:/Users/simon/IdeaProjects/testing-exercise/build/reports/tests/1619796963721.0.png
Page source: file:/C:/Users/simon/IdeaProjects/testing-exercise/build/reports/tests/1619796963721.0.html
Timeout: 5 s.
	at com.codeborne.selenide.impl.WebElementSource.checkCondition(WebElementSource.java:118)
	at com.codeborne.selenide.commands.ShouldNot.execute(ShouldNot.java:30)
	at com.codeborne.selenide.commands.ShouldNot.execute(ShouldNot.java:14)
	at com.codeborne.selenide.commands.Commands.execute(Commands.java:155)
	at com.codeborne.selenide.impl.SelenideElementProxy.dispatchAndRetry(SelenideElementProxy.java:128)
	at com.codeborne.selenide.impl.SelenideElementProxy.invoke(SelenideElementProxy.java:80)
	at jdk.proxy2/jdk.proxy2.$Proxy15.shouldNotBe(Unknown Source)
	at com.example.testing_exercise.StepDefinitions.userGoesToTheWebsiteAndUsesCarIndex(StepDefinitions.java:105)
	at âœ½.user goes to the website and uses car 1(classpath:com/example/testing_exercise/car.feature:4)
&amp;#27;[0m
  &amp;#27;[36mThen &amp;#27;[0m&amp;#27;[36muser checks if the car &amp;#27;[0m&amp;#27;[36m&amp;#27;[1m1&amp;#27;[0m&amp;#27;[36m exists in the list&amp;#27;[0m                     &amp;#27;[90m# com.example.testing_exercise.StepDefinitions.userChecksIfTheCarIndexExistsInTheList(int)&amp;#27;[0m
</system-out>
  </testcase>
  <testcase classname="Checking car details" name="User goes to cartaxcheck.co.uk to check car details #3" time="0.874"/>
  <testcase classname="Checking car details" name="User goes to cartaxcheck.co.uk to check car details #4" time="0.78"/>
  <testcase classname="Checking car details" name="User checks car details against existing list #1" time="1.667"/>
  <testcase classname="Checking car details" name="User checks car details against existing list #2" time="5.676">
    <failure message="Element should not be empty: attribute value=&quot;&quot; and exact text &apos;&apos; {By.xpath: /html/body/div/div/div[2]/div[4]/div[1]/div/span/div[2]/dl[2]/dd}
Element: &apos;&lt;dd class=&quot;jsx-3496807389&quot;&gt;&lt;/dd&gt;&apos;
Screenshot: file:/C:/Users/simon/IdeaProjects/testing-exercise/build/reports/tests/1619796972738.1.png
Page source: file:/C:/Users/simon/IdeaProjects/testing-exercise/build/reports/tests/1619796972738.1.html
Timeout: 5 s." type="Element should not be empty">Element should not be empty: attribute value=&quot;&quot; and exact text &apos;&apos; {By.xpath: /html/body/div/div/div[2]/div[4]/div[1]/div/span/div[2]/dl[2]/dd}
Element: &apos;&lt;dd class=&quot;jsx-3496807389&quot;&gt;&lt;/dd&gt;&apos;
Screenshot: file:/C:/Users/simon/IdeaProjects/testing-exercise/build/reports/tests/1619796972738.1.png
Page source: file:/C:/Users/simon/IdeaProjects/testing-exercise/build/reports/tests/1619796972738.1.html
Timeout: 5 s.
	at com.codeborne.selenide.impl.WebElementSource.checkCondition(WebElementSource.java:118)
	at com.codeborne.selenide.commands.ShouldNot.execute(ShouldNot.java:30)
	at com.codeborne.selenide.commands.ShouldNot.execute(ShouldNot.java:14)
	at com.codeborne.selenide.commands.Commands.execute(Commands.java:155)
	at com.codeborne.selenide.impl.SelenideElementProxy.dispatchAndRetry(SelenideElementProxy.java:128)
	at com.codeborne.selenide.impl.SelenideElementProxy.invoke(SelenideElementProxy.java:80)
	at jdk.proxy2/jdk.proxy2.$Proxy15.shouldNotBe(Unknown Source)
	at com.example.testing_exercise.StepDefinitions.userGoesToTheWebsiteAndUsesCarIndex(StepDefinitions.java:105)
	at ✽.user goes to the website and uses car 1(classpath:com/example/testing_exercise/car.feature:15)
</failure>
    <system-out>
Scenario Template: User checks car details against existing list &amp;#27;[90m# com/example/testing_exercise/car.feature:21&amp;#27;[0m
  &amp;#27;[31mWhen &amp;#27;[0m&amp;#27;[31muser goes to the website and uses car &amp;#27;[0m&amp;#27;[31m&amp;#27;[1m1&amp;#27;[0m                   &amp;#27;[90m# com.example.testing_exercise.StepDefinitions.userGoesToTheWebsiteAndUsesCarIndex(int)&amp;#27;[0m
      &amp;#27;[31mElement should not be empty: attribute value=&quot;&quot; and exact text &apos;&apos; {By.xpath: /html/body/div/div/div[2]/div[4]/div[1]/div/span/div[2]/dl[2]/dd}
Element: &apos;&lt;dd class=&quot;jsx-3496807389&quot;&gt;&lt;/dd&gt;&apos;
Screenshot: file:/C:/Users/simon/IdeaProjects/testing-exercise/build/reports/tests/1619796972738.1.png
Page source: file:/C:/Users/simon/IdeaProjects/testing-exercise/build/reports/tests/1619796972738.1.html
Timeout: 5 s.
	at com.codeborne.selenide.impl.WebElementSource.checkCondition(WebElementSource.java:118)
	at com.codeborne.selenide.commands.ShouldNot.execute(ShouldNot.java:30)
	at com.codeborne.selenide.commands.ShouldNot.execute(ShouldNot.java:14)
	at com.codeborne.selenide.commands.Commands.execute(Commands.java:155)
	at com.codeborne.selenide.impl.SelenideElementProxy.dispatchAndRetry(SelenideElementProxy.java:128)
	at com.codeborne.selenide.impl.SelenideElementProxy.invoke(SelenideElementProxy.java:80)
	at jdk.proxy2/jdk.proxy2.$Proxy15.shouldNotBe(Unknown Source)
	at com.example.testing_exercise.StepDefinitions.userGoesToTheWebsiteAndUsesCarIndex(StepDefinitions.java:105)
	at âœ½.user goes to the website and uses car 1(classpath:com/example/testing_exercise/car.feature:15)
&amp;#27;[0m
  &amp;#27;[36mThen &amp;#27;[0m&amp;#27;[36muser checks if car &amp;#27;[0m&amp;#27;[36m&amp;#27;[1m1&amp;#27;[0m&amp;#27;[36m has been repainted&amp;#27;[0m                   &amp;#27;[90m# com.example.testing_exercise.StepDefinitions.userChecksIfCarIndexHasBeenRepainted(int)&amp;#27;[0m
</system-out>
  </testcase>
  <testcase classname="Checking car details" name="User checks car details against existing list #3" time="0.851"/>
  <testcase classname="Checking car details" name="User checks car details against existing list #4" time="0.753"/>
  <testcase classname="Checking car details" name="User checks car details against existing list #5" time="0.597"/>
  <testcase classname="Checking car details" name="User checks car details against existing list #6" time="5.635">
    <failure message="Element should not be empty: attribute value=&quot;&quot; and exact text &apos;&apos; {By.xpath: /html/body/div/div/div[2]/div[4]/div[1]/div/span/div[2]/dl[2]/dd}
Element: &apos;&lt;dd class=&quot;jsx-3496807389&quot;&gt;&lt;/dd&gt;&apos;
Screenshot: file:/C:/Users/simon/IdeaProjects/testing-exercise/build/reports/tests/1619796980584.2.png
Page source: file:/C:/Users/simon/IdeaProjects/testing-exercise/build/reports/tests/1619796980584.2.html
Timeout: 5 s." type="Element should not be empty">Element should not be empty: attribute value=&quot;&quot; and exact text &apos;&apos; {By.xpath: /html/body/div/div/div[2]/div[4]/div[1]/div/span/div[2]/dl[2]/dd}
Element: &apos;&lt;dd class=&quot;jsx-3496807389&quot;&gt;&lt;/dd&gt;&apos;
Screenshot: file:/C:/Users/simon/IdeaProjects/testing-exercise/build/reports/tests/1619796980584.2.png
Page source: file:/C:/Users/simon/IdeaProjects/testing-exercise/build/reports/tests/1619796980584.2.html
Timeout: 5 s.
	at com.codeborne.selenide.impl.WebElementSource.checkCondition(WebElementSource.java:118)
	at com.codeborne.selenide.commands.ShouldNot.execute(ShouldNot.java:30)
	at com.codeborne.selenide.commands.ShouldNot.execute(ShouldNot.java:14)
	at com.codeborne.selenide.commands.Commands.execute(Commands.java:155)
	at com.codeborne.selenide.impl.SelenideElementProxy.dispatchAndRetry(SelenideElementProxy.java:128)
	at com.codeborne.selenide.impl.SelenideElementProxy.invoke(SelenideElementProxy.java:80)
	at jdk.proxy2/jdk.proxy2.$Proxy15.shouldNotBe(Unknown Source)
	at com.example.testing_exercise.StepDefinitions.userGoesToTheWebsiteAndUsesCarIndex(StepDefinitions.java:105)
	at ✽.user goes to the website and uses car 1(classpath:com/example/testing_exercise/car.feature:26)
</failure>
    <system-out>
Scenario Template: User checks car details against existing list &amp;#27;[90m# com/example/testing_exercise/car.feature:32&amp;#27;[0m
  &amp;#27;[31mWhen &amp;#27;[0m&amp;#27;[31muser goes to the website and uses car &amp;#27;[0m&amp;#27;[31m&amp;#27;[1m1&amp;#27;[0m                   &amp;#27;[90m# com.example.testing_exercise.StepDefinitions.userGoesToTheWebsiteAndUsesCarIndex(int)&amp;#27;[0m
      &amp;#27;[31mElement should not be empty: attribute value=&quot;&quot; and exact text &apos;&apos; {By.xpath: /html/body/div/div/div[2]/div[4]/div[1]/div/span/div[2]/dl[2]/dd}
Element: &apos;&lt;dd class=&quot;jsx-3496807389&quot;&gt;&lt;/dd&gt;&apos;
Screenshot: file:/C:/Users/simon/IdeaProjects/testing-exercise/build/reports/tests/1619796980584.2.png
Page source: file:/C:/Users/simon/IdeaProjects/testing-exercise/build/reports/tests/1619796980584.2.html
Timeout: 5 s.
	at com.codeborne.selenide.impl.WebElementSource.checkCondition(WebElementSource.java:118)
	at com.codeborne.selenide.commands.ShouldNot.execute(ShouldNot.java:30)
	at com.codeborne.selenide.commands.ShouldNot.execute(ShouldNot.java:14)
	at com.codeborne.selenide.commands.Commands.execute(Commands.java:155)
	at com.codeborne.selenide.impl.SelenideElementProxy.dispatchAndRetry(SelenideElementProxy.java:128)
	at com.codeborne.selenide.impl.SelenideElementProxy.invoke(SelenideElementProxy.java:80)
	at jdk.proxy2/jdk.proxy2.$Proxy15.shouldNotBe(Unknown Source)
	at com.example.testing_exercise.StepDefinitions.userGoesToTheWebsiteAndUsesCarIndex(StepDefinitions.java:105)
	at âœ½.user goes to the website and uses car 1(classpath:com/example/testing_exercise/car.feature:26)
&amp;#27;[0m
  &amp;#27;[36mThen &amp;#27;[0m&amp;#27;[36muser checks if car &amp;#27;[0m&amp;#27;[36m&amp;#27;[1m1&amp;#27;[0m&amp;#27;[36m make is the same&amp;#27;[0m                     &amp;#27;[90m# com.example.testing_exercise.StepDefinitions.userChecksIfCarIndexMakeIsTheSame(int)&amp;#27;[0m
</system-out>
  </testcase>
  <testcase classname="Checking car details" name="User checks car details against existing list #7" time="0.698"/>
  <testcase classname="Checking car details" name="User checks car details against existing list #8" time="0.611"/>
  <testcase classname="Checking car details" name="User checks car details against existing list #9" time="0.659"/>
  <testcase classname="Checking car details" name="User checks car details against existing list #10" time="5.58">
    <failure message="Element should not be empty: attribute value=&quot;&quot; and exact text &apos;&apos; {By.xpath: /html/body/div/div/div[2]/div[4]/div[1]/div/span/div[2]/dl[2]/dd}
Element: &apos;&lt;dd class=&quot;jsx-3496807389&quot;&gt;&lt;/dd&gt;&apos;
Screenshot: file:/C:/Users/simon/IdeaProjects/testing-exercise/build/reports/tests/1619796988119.3.png
Page source: file:/C:/Users/simon/IdeaProjects/testing-exercise/build/reports/tests/1619796988119.3.html
Timeout: 5 s." type="Element should not be empty">Element should not be empty: attribute value=&quot;&quot; and exact text &apos;&apos; {By.xpath: /html/body/div/div/div[2]/div[4]/div[1]/div/span/div[2]/dl[2]/dd}
Element: &apos;&lt;dd class=&quot;jsx-3496807389&quot;&gt;&lt;/dd&gt;&apos;
Screenshot: file:/C:/Users/simon/IdeaProjects/testing-exercise/build/reports/tests/1619796988119.3.png
Page source: file:/C:/Users/simon/IdeaProjects/testing-exercise/build/reports/tests/1619796988119.3.html
Timeout: 5 s.
	at com.codeborne.selenide.impl.WebElementSource.checkCondition(WebElementSource.java:118)
	at com.codeborne.selenide.commands.ShouldNot.execute(ShouldNot.java:30)
	at com.codeborne.selenide.commands.ShouldNot.execute(ShouldNot.java:14)
	at com.codeborne.selenide.commands.Commands.execute(Commands.java:155)
	at com.codeborne.selenide.impl.SelenideElementProxy.dispatchAndRetry(SelenideElementProxy.java:128)
	at com.codeborne.selenide.impl.SelenideElementProxy.invoke(SelenideElementProxy.java:80)
	at jdk.proxy2/jdk.proxy2.$Proxy15.shouldNotBe(Unknown Source)
	at com.example.testing_exercise.StepDefinitions.userGoesToTheWebsiteAndUsesCarIndex(StepDefinitions.java:105)
	at ✽.user goes to the website and uses car 1(classpath:com/example/testing_exercise/car.feature:37)
</failure>
    <system-out>
Scenario Template: User checks car details against existing list &amp;#27;[90m# com/example/testing_exercise/car.feature:43&amp;#27;[0m
  &amp;#27;[31mWhen &amp;#27;[0m&amp;#27;[31muser goes to the website and uses car &amp;#27;[0m&amp;#27;[31m&amp;#27;[1m1&amp;#27;[0m                   &amp;#27;[90m# com.example.testing_exercise.StepDefinitions.userGoesToTheWebsiteAndUsesCarIndex(int)&amp;#27;[0m
      &amp;#27;[31mElement should not be empty: attribute value=&quot;&quot; and exact text &apos;&apos; {By.xpath: /html/body/div/div/div[2]/div[4]/div[1]/div/span/div[2]/dl[2]/dd}
Element: &apos;&lt;dd class=&quot;jsx-3496807389&quot;&gt;&lt;/dd&gt;&apos;
Screenshot: file:/C:/Users/simon/IdeaProjects/testing-exercise/build/reports/tests/1619796988119.3.png
Page source: file:/C:/Users/simon/IdeaProjects/testing-exercise/build/reports/tests/1619796988119.3.html
Timeout: 5 s.
	at com.codeborne.selenide.impl.WebElementSource.checkCondition(WebElementSource.java:118)
	at com.codeborne.selenide.commands.ShouldNot.execute(ShouldNot.java:30)
	at com.codeborne.selenide.commands.ShouldNot.execute(ShouldNot.java:14)
	at com.codeborne.selenide.commands.Commands.execute(Commands.java:155)
	at com.codeborne.selenide.impl.SelenideElementProxy.dispatchAndRetry(SelenideElementProxy.java:128)
	at com.codeborne.selenide.impl.SelenideElementProxy.invoke(SelenideElementProxy.java:80)
	at jdk.proxy2/jdk.proxy2.$Proxy15.shouldNotBe(Unknown Source)
	at com.example.testing_exercise.StepDefinitions.userGoesToTheWebsiteAndUsesCarIndex(StepDefinitions.java:105)
	at âœ½.user goes to the website and uses car 1(classpath:com/example/testing_exercise/car.feature:37)
&amp;#27;[0m
  &amp;#27;[36mThen &amp;#27;[0m&amp;#27;[36muser checks if car &amp;#27;[0m&amp;#27;[36m&amp;#27;[1m1&amp;#27;[0m&amp;#27;[36m model is the same&amp;#27;[0m                    &amp;#27;[90m# com.example.testing_exercise.StepDefinitions.userChecksIfCarIndexModelIsTheSame(int)&amp;#27;[0m
</system-out>
  </testcase>
  <testcase classname="Checking car details" name="User checks car details against existing list #11" time="0.614"/>
  <testcase classname="Checking car details" name="User checks car details against existing list #12" time="0.797"/>
  <testcase classname="Checking car details" name="User checks car details against existing list #13" time="0.824"/>
  <testcase classname="Checking car details" name="User checks car details against existing list #14" time="5.612">
    <failure message="Element should not be empty: attribute value=&quot;&quot; and exact text &apos;&apos; {By.xpath: /html/body/div/div/div[2]/div[4]/div[1]/div/span/div[2]/dl[2]/dd}
Element: &apos;&lt;dd class=&quot;jsx-3496807389&quot;&gt;&lt;/dd&gt;&apos;
Screenshot: file:/C:/Users/simon/IdeaProjects/testing-exercise/build/reports/tests/1619796995984.4.png
Page source: file:/C:/Users/simon/IdeaProjects/testing-exercise/build/reports/tests/1619796995984.4.html
Timeout: 5 s." type="Element should not be empty">Element should not be empty: attribute value=&quot;&quot; and exact text &apos;&apos; {By.xpath: /html/body/div/div/div[2]/div[4]/div[1]/div/span/div[2]/dl[2]/dd}
Element: &apos;&lt;dd class=&quot;jsx-3496807389&quot;&gt;&lt;/dd&gt;&apos;
Screenshot: file:/C:/Users/simon/IdeaProjects/testing-exercise/build/reports/tests/1619796995984.4.png
Page source: file:/C:/Users/simon/IdeaProjects/testing-exercise/build/reports/tests/1619796995984.4.html
Timeout: 5 s.
	at com.codeborne.selenide.impl.WebElementSource.checkCondition(WebElementSource.java:118)
	at com.codeborne.selenide.commands.ShouldNot.execute(ShouldNot.java:30)
	at com.codeborne.selenide.commands.ShouldNot.execute(ShouldNot.java:14)
	at com.codeborne.selenide.commands.Commands.execute(Commands.java:155)
	at com.codeborne.selenide.impl.SelenideElementProxy.dispatchAndRetry(SelenideElementProxy.java:128)
	at com.codeborne.selenide.impl.SelenideElementProxy.invoke(SelenideElementProxy.java:80)
	at jdk.proxy2/jdk.proxy2.$Proxy15.shouldNotBe(Unknown Source)
	at com.example.testing_exercise.StepDefinitions.userGoesToTheWebsiteAndUsesCarIndex(StepDefinitions.java:105)
	at ✽.user goes to the website and uses car 1(classpath:com/example/testing_exercise/car.feature:48)
</failure>
    <system-out>
Scenario Template: User checks car details against existing list &amp;#27;[90m# com/example/testing_exercise/car.feature:54&amp;#27;[0m
  &amp;#27;[31mWhen &amp;#27;[0m&amp;#27;[31muser goes to the website and uses car &amp;#27;[0m&amp;#27;[31m&amp;#27;[1m1&amp;#27;[0m                   &amp;#27;[90m# com.example.testing_exercise.StepDefinitions.userGoesToTheWebsiteAndUsesCarIndex(int)&amp;#27;[0m
      &amp;#27;[31mElement should not be empty: attribute value=&quot;&quot; and exact text &apos;&apos; {By.xpath: /html/body/div/div/div[2]/div[4]/div[1]/div/span/div[2]/dl[2]/dd}
Element: &apos;&lt;dd class=&quot;jsx-3496807389&quot;&gt;&lt;/dd&gt;&apos;
Screenshot: file:/C:/Users/simon/IdeaProjects/testing-exercise/build/reports/tests/1619796995984.4.png
Page source: file:/C:/Users/simon/IdeaProjects/testing-exercise/build/reports/tests/1619796995984.4.html
Timeout: 5 s.
	at com.codeborne.selenide.impl.WebElementSource.checkCondition(WebElementSource.java:118)
	at com.codeborne.selenide.commands.ShouldNot.execute(ShouldNot.java:30)
	at com.codeborne.selenide.commands.ShouldNot.execute(ShouldNot.java:14)
	at com.codeborne.selenide.commands.Commands.execute(Commands.java:155)
	at com.codeborne.selenide.impl.SelenideElementProxy.dispatchAndRetry(SelenideElementProxy.java:128)
	at com.codeborne.selenide.impl.SelenideElementProxy.invoke(SelenideElementProxy.java:80)
	at jdk.proxy2/jdk.proxy2.$Proxy15.shouldNotBe(Unknown Source)
	at com.example.testing_exercise.StepDefinitions.userGoesToTheWebsiteAndUsesCarIndex(StepDefinitions.java:105)
	at âœ½.user goes to the website and uses car 1(classpath:com/example/testing_exercise/car.feature:48)
&amp;#27;[0m
  &amp;#27;[36mThen &amp;#27;[0m&amp;#27;[36muser checks if car &amp;#27;[0m&amp;#27;[36m&amp;#27;[1m1&amp;#27;[0m&amp;#27;[36m colour is the same&amp;#27;[0m                   &amp;#27;[90m# com.example.testing_exercise.StepDefinitions.userChecksIfCarIndexColourIsTheSame(int)&amp;#27;[0m
</system-out>
  </testcase>
  <testcase classname="Checking car details" name="User checks car details against existing list #15" time="0.957"/>
  <testcase classname="Checking car details" name="User checks car details against existing list #16" time="0.771"/>
  <testcase classname="Checking car details" name="User checks car details against existing list #17" time="0.833"/>
  <testcase classname="Checking car details" name="User checks car details against existing list #18" time="5.614">
    <failure message="Element should not be empty: attribute value=&quot;&quot; and exact text &apos;&apos; {By.xpath: /html/body/div/div/div[2]/div[4]/div[1]/div/span/div[2]/dl[2]/dd}
Element: &apos;&lt;dd class=&quot;jsx-3496807389&quot;&gt;&lt;/dd&gt;&apos;
Screenshot: file:/C:/Users/simon/IdeaProjects/testing-exercise/build/reports/tests/1619797004158.5.png
Page source: file:/C:/Users/simon/IdeaProjects/testing-exercise/build/reports/tests/1619797004158.5.html
Timeout: 5 s." type="Element should not be empty">Element should not be empty: attribute value=&quot;&quot; and exact text &apos;&apos; {By.xpath: /html/body/div/div/div[2]/div[4]/div[1]/div/span/div[2]/dl[2]/dd}
Element: &apos;&lt;dd class=&quot;jsx-3496807389&quot;&gt;&lt;/dd&gt;&apos;
Screenshot: file:/C:/Users/simon/IdeaProjects/testing-exercise/build/reports/tests/1619797004158.5.png
Page source: file:/C:/Users/simon/IdeaProjects/testing-exercise/build/reports/tests/1619797004158.5.html
Timeout: 5 s.
	at com.codeborne.selenide.impl.WebElementSource.checkCondition(WebElementSource.java:118)
	at com.codeborne.selenide.commands.ShouldNot.execute(ShouldNot.java:30)
	at com.codeborne.selenide.commands.ShouldNot.execute(ShouldNot.java:14)
	at com.codeborne.selenide.commands.Commands.execute(Commands.java:155)
	at com.codeborne.selenide.impl.SelenideElementProxy.dispatchAndRetry(SelenideElementProxy.java:128)
	at com.codeborne.selenide.impl.SelenideElementProxy.invoke(SelenideElementProxy.java:80)
	at jdk.proxy2/jdk.proxy2.$Proxy15.shouldNotBe(Unknown Source)
	at com.example.testing_exercise.StepDefinitions.userGoesToTheWebsiteAndUsesCarIndex(StepDefinitions.java:105)
	at ✽.user goes to the website and uses car 1(classpath:com/example/testing_exercise/car.feature:59)
</failure>
    <system-out>
Scenario Template: User checks car details against existing list &amp;#27;[90m# com/example/testing_exercise/car.feature:65&amp;#27;[0m
  &amp;#27;[31mWhen &amp;#27;[0m&amp;#27;[31muser goes to the website and uses car &amp;#27;[0m&amp;#27;[31m&amp;#27;[1m1&amp;#27;[0m                   &amp;#27;[90m# com.example.testing_exercise.StepDefinitions.userGoesToTheWebsiteAndUsesCarIndex(int)&amp;#27;[0m
      &amp;#27;[31mElement should not be empty: attribute value=&quot;&quot; and exact text &apos;&apos; {By.xpath: /html/body/div/div/div[2]/div[4]/div[1]/div/span/div[2]/dl[2]/dd}
Element: &apos;&lt;dd class=&quot;jsx-3496807389&quot;&gt;&lt;/dd&gt;&apos;
Screenshot: file:/C:/Users/simon/IdeaProjects/testing-exercise/build/reports/tests/1619797004158.5.png
Page source: file:/C:/Users/simon/IdeaProjects/testing-exercise/build/reports/tests/1619797004158.5.html
Timeout: 5 s.
	at com.codeborne.selenide.impl.WebElementSource.checkCondition(WebElementSource.java:118)
	at com.codeborne.selenide.commands.ShouldNot.execute(ShouldNot.java:30)
	at com.codeborne.selenide.commands.ShouldNot.execute(ShouldNot.java:14)
	at com.codeborne.selenide.commands.Commands.execute(Commands.java:155)
	at com.codeborne.selenide.impl.SelenideElementProxy.dispatchAndRetry(SelenideElementProxy.java:128)
	at com.codeborne.selenide.impl.SelenideElementProxy.invoke(SelenideElementProxy.java:80)
	at jdk.proxy2/jdk.proxy2.$Proxy15.shouldNotBe(Unknown Source)
	at com.example.testing_exercise.StepDefinitions.userGoesToTheWebsiteAndUsesCarIndex(StepDefinitions.java:105)
	at âœ½.user goes to the website and uses car 1(classpath:com/example/testing_exercise/car.feature:59)
&amp;#27;[0m
  &amp;#27;[36mThen &amp;#27;[0m&amp;#27;[36muser checks if car &amp;#27;[0m&amp;#27;[36m&amp;#27;[1m1&amp;#27;[0m&amp;#27;[36m year is the same&amp;#27;[0m                     &amp;#27;[90m# com.example.testing_exercise.StepDefinitions.userChecksIfCarIndexYearIsTheSame(int)&amp;#27;[0m
</system-out>
  </testcase>
  <testcase classname="Checking car details" name="User checks car details against existing list #19" time="0.6"/>
  <testcase classname="Checking car details" name="User checks car details against existing list #20" time="0.78"/>
</testsuite>