<?xml version="1.0" encoding="UTF-8" ?>
<testsuite tests="24" failures="0" name="com.example.testing_exercise.RunCucumberTest" time="0.409" errors="24" skipped="0">
  <properties>
    <property name="java.runtime.name" value="Java(TM) SE Runtime Environment"/>
    <property name="java.vm.version" value="16+36-2231"/>
    <property name="sun.boot.library.path" value="C:\Program Files\Java\jdk-16\bin"/>
    <property name="maven.multiModuleProjectDirectory" value="C:\Users\simon\IdeaProjects\testing-exercise"/>
    <property name="java.vm.vendor" value="Oracle Corporation"/>
    <property name="java.vendor.url" value="https://java.oracle.com/"/>
    <property name="guice.disable.misplaced.annotation.check" value="true"/>
    <property name="path.separator" value=";"/>
    <property name="java.vm.name" value="Java HotSpot(TM) 64-Bit Server VM"/>
    <property name="sun.os.patch.level" value=""/>
    <property name="user.script" value=""/>
    <property name="user.country" value="GB"/>
    <property name="sun.java.launcher" value="SUN_STANDARD"/>
    <property name="java.vm.specification.name" value="Java Virtual Machine Specification"/>
    <property name="user.dir" value="C:\Users\simon\IdeaProjects\testing-exercise"/>
    <property name="java.vm.compressedOopsMode" value="Zero based"/>
    <property name="java.runtime.version" value="16+36-2231"/>
    <property name="os.arch" value="amd64"/>
    <property name="java.io.tmpdir" value="C:\Users\simon\AppData\Local\Temp\"/>
    <property name="line.separator" value="
"/>
    <property name="java.vm.specification.vendor" value="Oracle Corporation"/>
    <property name="user.variant" value=""/>
    <property name="os.name" value="Windows 10"/>
    <property name="classworlds.conf" value="C:\Program Files\apache-maven-3.8.1\bin\..\bin\m2.conf"/>
    <property name="sun.jnu.encoding" value="Cp1252"/>
    <property name="java.library.path" value="C:\Program Files\Java\jdk-16\bin;C:\Windows\Sun\Java\bin;C:\Windows\system32;C:\Windows;%path%;C:\WebDriver\bin\;C:\Program Files\apache-maven-3.8.1\bin;C:\Users\simon\AppData\Local\Microsoft\WindowsApps;C:\Users\simon\.dotnet\tools;C:\Users\simon\AppData\Local\GitHubDesktop\bin;."/>
    <property name="maven.conf" value="C:\Program Files\apache-maven-3.8.1\bin\../conf"/>
    <property name="jdk.debug" value="release"/>
    <property name="java.class.version" value="60.0"/>
    <property name="java.specification.name" value="Java Platform API Specification"/>
    <property name="sun.management.compiler" value="HotSpot 64-Bit Tiered Compilers"/>
    <property name="os.version" value="10.0"/>
    <property name="library.jansi.path" value="C:\Program Files\apache-maven-3.8.1\bin\..\lib\jansi-native"/>
    <property name="user.home" value="C:\Users\simon"/>
    <property name="user.timezone" value="Europe/London"/>
    <property name="file.encoding" value="Cp1252"/>
    <property name="java.specification.version" value="16"/>
    <property name="user.name" value="simon"/>
    <property name="java.class.path" value="C:\Program Files\apache-maven-3.8.1\bin\..\boot\plexus-classworlds-2.6.0.jar"/>
    <property name="java.vm.specification.version" value="16"/>
    <property name="sun.arch.data.model" value="64"/>
    <property name="sun.java.command" value="org.codehaus.plexus.classworlds.launcher.Launcher test"/>
    <property name="java.home" value="C:\Program Files\Java\jdk-16"/>
    <property name="user.language" value="en"/>
    <property name="java.specification.vendor" value="Oracle Corporation"/>
    <property name="java.vm.info" value="mixed mode, sharing"/>
    <property name="java.version" value="16"/>
    <property name="java.vendor" value="Oracle Corporation"/>
    <property name="sun.stderr.encoding" value="cp850"/>
    <property name="maven.home" value="C:\Program Files\apache-maven-3.8.1\bin\.."/>
    <property name="file.separator" value="\"/>
    <property name="java.version.date" value="2021-03-16"/>
    <property name="java.vendor.url.bug" value="https://bugreport.java.com/bugreport/"/>
    <property name="sun.io.unicode.encoding" value="UnicodeLittle"/>
    <property name="sun.cpu.endian" value="little"/>
    <property name="sun.stdout.encoding" value="cp850"/>
    <property name="sun.cpu.isalist" value="amd64"/>
  </properties>
  <testcase classname="Checking car details" name="User goes to cartaxcheck.co.uk to check car details #1" time="0.225">
    <error message="input\*.txt (The filename, directory name, or volume label syntax is incorrect)" type="java.io.FileNotFoundException">java.io.FileNotFoundException: input\*.txt (The filename, directory name, or volume label syntax is incorrect)
	at java.base/java.io.FileInputStream.open0(Native Method)
	at java.base/java.io.FileInputStream.open(FileInputStream.java:211)
	at java.base/java.io.FileInputStream.&lt;init&gt;(FileInputStream.java:153)
	at java.base/java.io.FileInputStream.&lt;init&gt;(FileInputStream.java:108)
	at java.base/java.io.FileReader.&lt;init&gt;(FileReader.java:60)
	at com.example.testing_exercise.StepDefinitions.readFile(StepDefinitions.java:51)
	at com.example.testing_exercise.StepDefinitions.setUpAll(StepDefinitions.java:34)
</error>
    <system-out>
Scenario Template: User goes to cartaxcheck.co.uk to check car details &amp;#27;[90m# com/example/testing_exercise/car.feature:9&amp;#27;[0m
      &amp;#27;[31mjava.io.FileNotFoundException: input\*.txt (The filename, directory name, or volume label syntax is incorrect)
	at java.base/java.io.FileInputStream.open0(Native Method)
	at java.base/java.io.FileInputStream.open(FileInputStream.java:211)
	at java.base/java.io.FileInputStream.&lt;init&gt;(FileInputStream.java:153)
	at java.base/java.io.FileInputStream.&lt;init&gt;(FileInputStream.java:108)
	at java.base/java.io.FileReader.&lt;init&gt;(FileReader.java:60)
	at com.example.testing_exercise.StepDefinitions.readFile(StepDefinitions.java:51)
	at com.example.testing_exercise.StepDefinitions.setUpAll(StepDefinitions.java:34)
&amp;#27;[0m
  &amp;#27;[36mWhen &amp;#27;[0m&amp;#27;[36muser goes to the website and uses car &amp;#27;[0m&amp;#27;[36m&amp;#27;[1m0&amp;#27;[0m                         &amp;#27;[90m# com.example.testing_exercise.StepDefinitions.userGoesToTheWebsiteAndUsesCarIndex(int)&amp;#27;[0m
  &amp;#27;[36mThen &amp;#27;[0m&amp;#27;[36muser checks if the car &amp;#27;[0m&amp;#27;[36m&amp;#27;[1m0&amp;#27;[0m&amp;#27;[36m exists in the list&amp;#27;[0m                     &amp;#27;[90m# com.example.testing_exercise.StepDefinitions.userChecksIfTheCarIndexExistsInTheList(int)&amp;#27;[0m
</system-out>
    <system-err>SLF4J: Failed to load class &quot;org.slf4j.impl.StaticLoggerBinder&quot;.
SLF4J: Defaulting to no-operation (NOP) logger implementation
SLF4J: See http://www.slf4j.org/codes.html#StaticLoggerBinder for further details.
</system-err>
  </testcase>
  <testcase classname="Checking car details" name="User goes to cartaxcheck.co.uk to check car details #2" time="0.012">
    <error message="input\*.txt (The filename, directory name, or volume label syntax is incorrect)" type="java.io.FileNotFoundException">java.io.FileNotFoundException: input\*.txt (The filename, directory name, or volume label syntax is incorrect)
	at java.base/java.io.FileInputStream.open0(Native Method)
	at java.base/java.io.FileInputStream.open(FileInputStream.java:211)
	at java.base/java.io.FileInputStream.&lt;init&gt;(FileInputStream.java:153)
	at java.base/java.io.FileInputStream.&lt;init&gt;(FileInputStream.java:108)
	at java.base/java.io.FileReader.&lt;init&gt;(FileReader.java:60)
	at com.example.testing_exercise.StepDefinitions.readFile(StepDefinitions.java:51)
	at com.example.testing_exercise.StepDefinitions.setUpAll(StepDefinitions.java:34)
</error>
    <system-out>
Scenario Template: User goes to cartaxcheck.co.uk to check car details &amp;#27;[90m# com/example/testing_exercise/car.feature:10&amp;#27;[0m
      &amp;#27;[31mjava.io.FileNotFoundException: input\*.txt (The filename, directory name, or volume label syntax is incorrect)
	at java.base/java.io.FileInputStream.open0(Native Method)
	at java.base/java.io.FileInputStream.open(FileInputStream.java:211)
	at java.base/java.io.FileInputStream.&lt;init&gt;(FileInputStream.java:153)
	at java.base/java.io.FileInputStream.&lt;init&gt;(FileInputStream.java:108)
	at java.base/java.io.FileReader.&lt;init&gt;(FileReader.java:60)
	at com.example.testing_exercise.StepDefinitions.readFile(StepDefinitions.java:51)
	at com.example.testing_exercise.StepDefinitions.setUpAll(StepDefinitions.java:34)
&amp;#27;[0m
  &amp;#27;[36mWhen &amp;#27;[0m&amp;#27;[36muser goes to the website and uses car &amp;#27;[0m&amp;#27;[36m&amp;#27;[1m1&amp;#27;[0m                         &amp;#27;[90m# com.example.testing_exercise.StepDefinitions.userGoesToTheWebsiteAndUsesCarIndex(int)&amp;#27;[0m
  &amp;#27;[36mThen &amp;#27;[0m&amp;#27;[36muser checks if the car &amp;#27;[0m&amp;#27;[36m&amp;#27;[1m1&amp;#27;[0m&amp;#27;[36m exists in the list&amp;#27;[0m                     &amp;#27;[90m# com.example.testing_exercise.StepDefinitions.userChecksIfTheCarIndexExistsInTheList(int)&amp;#27;[0m
</system-out>
  </testcase>
  <testcase classname="Checking car details" name="User goes to cartaxcheck.co.uk to check car details #3" time="0.014">
    <error message="input\*.txt (The filename, directory name, or volume label syntax is incorrect)" type="java.io.FileNotFoundException">java.io.FileNotFoundException: input\*.txt (The filename, directory name, or volume label syntax is incorrect)
	at java.base/java.io.FileInputStream.open0(Native Method)
	at java.base/java.io.FileInputStream.open(FileInputStream.java:211)
	at java.base/java.io.FileInputStream.&lt;init&gt;(FileInputStream.java:153)
	at java.base/java.io.FileInputStream.&lt;init&gt;(FileInputStream.java:108)
	at java.base/java.io.FileReader.&lt;init&gt;(FileReader.java:60)
	at com.example.testing_exercise.StepDefinitions.readFile(StepDefinitions.java:51)
	at com.example.testing_exercise.StepDefinitions.setUpAll(StepDefinitions.java:34)
</error>
    <system-out>
Scenario Template: User goes to cartaxcheck.co.uk to check car details &amp;#27;[90m# com/example/testing_exercise/car.feature:11&amp;#27;[0m
      &amp;#27;[31mjava.io.FileNotFoundException: input\*.txt (The filename, directory name, or volume label syntax is incorrect)
	at java.base/java.io.FileInputStream.open0(Native Method)
	at java.base/java.io.FileInputStream.open(FileInputStream.java:211)
	at java.base/java.io.FileInputStream.&lt;init&gt;(FileInputStream.java:153)
	at java.base/java.io.FileInputStream.&lt;init&gt;(FileInputStream.java:108)
	at java.base/java.io.FileReader.&lt;init&gt;(FileReader.java:60)
	at com.example.testing_exercise.StepDefinitions.readFile(StepDefinitions.java:51)
	at com.example.testing_exercise.StepDefinitions.setUpAll(StepDefinitions.java:34)
&amp;#27;[0m
  &amp;#27;[36mWhen &amp;#27;[0m&amp;#27;[36muser goes to the website and uses car &amp;#27;[0m&amp;#27;[36m&amp;#27;[1m2&amp;#27;[0m                         &amp;#27;[90m# com.example.testing_exercise.StepDefinitions.userGoesToTheWebsiteAndUsesCarIndex(int)&amp;#27;[0m
  &amp;#27;[36mThen &amp;#27;[0m&amp;#27;[36muser checks if the car &amp;#27;[0m&amp;#27;[36m&amp;#27;[1m2&amp;#27;[0m&amp;#27;[36m exists in the list&amp;#27;[0m                     &amp;#27;[90m# com.example.testing_exercise.StepDefinitions.userChecksIfTheCarIndexExistsInTheList(int)&amp;#27;[0m
</system-out>
  </testcase>
  <testcase classname="Checking car details" name="User goes to cartaxcheck.co.uk to check car details #4" time="0.01">
    <error message="input\*.txt (The filename, directory name, or volume label syntax is incorrect)" type="java.io.FileNotFoundException">java.io.FileNotFoundException: input\*.txt (The filename, directory name, or volume label syntax is incorrect)
	at java.base/java.io.FileInputStream.open0(Native Method)
	at java.base/java.io.FileInputStream.open(FileInputStream.java:211)
	at java.base/java.io.FileInputStream.&lt;init&gt;(FileInputStream.java:153)
	at java.base/java.io.FileInputStream.&lt;init&gt;(FileInputStream.java:108)
	at java.base/java.io.FileReader.&lt;init&gt;(FileReader.java:60)
	at com.example.testing_exercise.StepDefinitions.readFile(StepDefinitions.java:51)
	at com.example.testing_exercise.StepDefinitions.setUpAll(StepDefinitions.java:34)
</error>
    <system-out>
Scenario Template: User goes to cartaxcheck.co.uk to check car details &amp;#27;[90m# com/example/testing_exercise/car.feature:12&amp;#27;[0m
      &amp;#27;[31mjava.io.FileNotFoundException: input\*.txt (The filename, directory name, or volume label syntax is incorrect)
	at java.base/java.io.FileInputStream.open0(Native Method)
	at java.base/java.io.FileInputStream.open(FileInputStream.java:211)
	at java.base/java.io.FileInputStream.&lt;init&gt;(FileInputStream.java:153)
	at java.base/java.io.FileInputStream.&lt;init&gt;(FileInputStream.java:108)
	at java.base/java.io.FileReader.&lt;init&gt;(FileReader.java:60)
	at com.example.testing_exercise.StepDefinitions.readFile(StepDefinitions.java:51)
	at com.example.testing_exercise.StepDefinitions.setUpAll(StepDefinitions.java:34)
&amp;#27;[0m
  &amp;#27;[36mWhen &amp;#27;[0m&amp;#27;[36muser goes to the website and uses car &amp;#27;[0m&amp;#27;[36m&amp;#27;[1m3&amp;#27;[0m                         &amp;#27;[90m# com.example.testing_exercise.StepDefinitions.userGoesToTheWebsiteAndUsesCarIndex(int)&amp;#27;[0m
  &amp;#27;[36mThen &amp;#27;[0m&amp;#27;[36muser checks if the car &amp;#27;[0m&amp;#27;[36m&amp;#27;[1m3&amp;#27;[0m&amp;#27;[36m exists in the list&amp;#27;[0m                     &amp;#27;[90m# com.example.testing_exercise.StepDefinitions.userChecksIfTheCarIndexExistsInTheList(int)&amp;#27;[0m
</system-out>
  </testcase>
  <testcase classname="Checking car details" name="User checks car details against existing list #1" time="0.006">
    <error message="input\*.txt (The filename, directory name, or volume label syntax is incorrect)" type="java.io.FileNotFoundException">java.io.FileNotFoundException: input\*.txt (The filename, directory name, or volume label syntax is incorrect)
	at java.base/java.io.FileInputStream.open0(Native Method)
	at java.base/java.io.FileInputStream.open(FileInputStream.java:211)
	at java.base/java.io.FileInputStream.&lt;init&gt;(FileInputStream.java:153)
	at java.base/java.io.FileInputStream.&lt;init&gt;(FileInputStream.java:108)
	at java.base/java.io.FileReader.&lt;init&gt;(FileReader.java:60)
	at com.example.testing_exercise.StepDefinitions.readFile(StepDefinitions.java:51)
	at com.example.testing_exercise.StepDefinitions.setUpAll(StepDefinitions.java:34)
</error>
    <system-out>
Scenario Template: User checks car details against existing list &amp;#27;[90m# com/example/testing_exercise/car.feature:20&amp;#27;[0m
      &amp;#27;[31mjava.io.FileNotFoundException: input\*.txt (The filename, directory name, or volume label syntax is incorrect)
	at java.base/java.io.FileInputStream.open0(Native Method)
	at java.base/java.io.FileInputStream.open(FileInputStream.java:211)
	at java.base/java.io.FileInputStream.&lt;init&gt;(FileInputStream.java:153)
	at java.base/java.io.FileInputStream.&lt;init&gt;(FileInputStream.java:108)
	at java.base/java.io.FileReader.&lt;init&gt;(FileReader.java:60)
	at com.example.testing_exercise.StepDefinitions.readFile(StepDefinitions.java:51)
	at com.example.testing_exercise.StepDefinitions.setUpAll(StepDefinitions.java:34)
&amp;#27;[0m
  &amp;#27;[36mWhen &amp;#27;[0m&amp;#27;[36muser goes to the website and uses car &amp;#27;[0m&amp;#27;[36m&amp;#27;[1m0&amp;#27;[0m                   &amp;#27;[90m# com.example.testing_exercise.StepDefinitions.userGoesToTheWebsiteAndUsesCarIndex(int)&amp;#27;[0m
  &amp;#27;[36mThen &amp;#27;[0m&amp;#27;[36muser checks if car &amp;#27;[0m&amp;#27;[36m&amp;#27;[1m0&amp;#27;[0m&amp;#27;[36m has been repainted&amp;#27;[0m                   &amp;#27;[90m# com.example.testing_exercise.StepDefinitions.userChecksIfCarIndexHasBeenRepainted(int)&amp;#27;[0m
</system-out>
  </testcase>
  <testcase classname="Checking car details" name="User checks car details against existing list #2" time="0.013">
    <error message="input\*.txt (The filename, directory name, or volume label syntax is incorrect)" type="java.io.FileNotFoundException">java.io.FileNotFoundException: input\*.txt (The filename, directory name, or volume label syntax is incorrect)
	at java.base/java.io.FileInputStream.open0(Native Method)
	at java.base/java.io.FileInputStream.open(FileInputStream.java:211)
	at java.base/java.io.FileInputStream.&lt;init&gt;(FileInputStream.java:153)
	at java.base/java.io.FileInputStream.&lt;init&gt;(FileInputStream.java:108)
	at java.base/java.io.FileReader.&lt;init&gt;(FileReader.java:60)
	at com.example.testing_exercise.StepDefinitions.readFile(StepDefinitions.java:51)
	at com.example.testing_exercise.StepDefinitions.setUpAll(StepDefinitions.java:34)
</error>
    <system-out>
Scenario Template: User checks car details against existing list &amp;#27;[90m# com/example/testing_exercise/car.feature:21&amp;#27;[0m
      &amp;#27;[31mjava.io.FileNotFoundException: input\*.txt (The filename, directory name, or volume label syntax is incorrect)
	at java.base/java.io.FileInputStream.open0(Native Method)
	at java.base/java.io.FileInputStream.open(FileInputStream.java:211)
	at java.base/java.io.FileInputStream.&lt;init&gt;(FileInputStream.java:153)
	at java.base/java.io.FileInputStream.&lt;init&gt;(FileInputStream.java:108)
	at java.base/java.io.FileReader.&lt;init&gt;(FileReader.java:60)
	at com.example.testing_exercise.StepDefinitions.readFile(StepDefinitions.java:51)
	at com.example.testing_exercise.StepDefinitions.setUpAll(StepDefinitions.java:34)
&amp;#27;[0m
  &amp;#27;[36mWhen &amp;#27;[0m&amp;#27;[36muser goes to the website and uses car &amp;#27;[0m&amp;#27;[36m&amp;#27;[1m1&amp;#27;[0m                   &amp;#27;[90m# com.example.testing_exercise.StepDefinitions.userGoesToTheWebsiteAndUsesCarIndex(int)&amp;#27;[0m
  &amp;#27;[36mThen &amp;#27;[0m&amp;#27;[36muser checks if car &amp;#27;[0m&amp;#27;[36m&amp;#27;[1m1&amp;#27;[0m&amp;#27;[36m has been repainted&amp;#27;[0m                   &amp;#27;[90m# com.example.testing_exercise.StepDefinitions.userChecksIfCarIndexHasBeenRepainted(int)&amp;#27;[0m
</system-out>
  </testcase>
  <testcase classname="Checking car details" name="User checks car details against existing list #3" time="0.005">
    <error message="input\*.txt (The filename, directory name, or volume label syntax is incorrect)" type="java.io.FileNotFoundException">java.io.FileNotFoundException: input\*.txt (The filename, directory name, or volume label syntax is incorrect)
	at java.base/java.io.FileInputStream.open0(Native Method)
	at java.base/java.io.FileInputStream.open(FileInputStream.java:211)
	at java.base/java.io.FileInputStream.&lt;init&gt;(FileInputStream.java:153)
	at java.base/java.io.FileInputStream.&lt;init&gt;(FileInputStream.java:108)
	at java.base/java.io.FileReader.&lt;init&gt;(FileReader.java:60)
	at com.example.testing_exercise.StepDefinitions.readFile(StepDefinitions.java:51)
	at com.example.testing_exercise.StepDefinitions.setUpAll(StepDefinitions.java:34)
</error>
    <system-out>
Scenario Template: User checks car details against existing list &amp;#27;[90m# com/example/testing_exercise/car.feature:22&amp;#27;[0m
      &amp;#27;[31mjava.io.FileNotFoundException: input\*.txt (The filename, directory name, or volume label syntax is incorrect)
	at java.base/java.io.FileInputStream.open0(Native Method)
	at java.base/java.io.FileInputStream.open(FileInputStream.java:211)
	at java.base/java.io.FileInputStream.&lt;init&gt;(FileInputStream.java:153)
	at java.base/java.io.FileInputStream.&lt;init&gt;(FileInputStream.java:108)
	at java.base/java.io.FileReader.&lt;init&gt;(FileReader.java:60)
	at com.example.testing_exercise.StepDefinitions.readFile(StepDefinitions.java:51)
	at com.example.testing_exercise.StepDefinitions.setUpAll(StepDefinitions.java:34)
&amp;#27;[0m
  &amp;#27;[36mWhen &amp;#27;[0m&amp;#27;[36muser goes to the website and uses car &amp;#27;[0m&amp;#27;[36m&amp;#27;[1m2&amp;#27;[0m                   &amp;#27;[90m# com.example.testing_exercise.StepDefinitions.userGoesToTheWebsiteAndUsesCarIndex(int)&amp;#27;[0m
  &amp;#27;[36mThen &amp;#27;[0m&amp;#27;[36muser checks if car &amp;#27;[0m&amp;#27;[36m&amp;#27;[1m2&amp;#27;[0m&amp;#27;[36m has been repainted&amp;#27;[0m                   &amp;#27;[90m# com.example.testing_exercise.StepDefinitions.userChecksIfCarIndexHasBeenRepainted(int)&amp;#27;[0m
</system-out>
  </testcase>
  <testcase classname="Checking car details" name="User checks car details against existing list #4" time="0.011">
    <error message="input\*.txt (The filename, directory name, or volume label syntax is incorrect)" type="java.io.FileNotFoundException">java.io.FileNotFoundException: input\*.txt (The filename, directory name, or volume label syntax is incorrect)
	at java.base/java.io.FileInputStream.open0(Native Method)
	at java.base/java.io.FileInputStream.open(FileInputStream.java:211)
	at java.base/java.io.FileInputStream.&lt;init&gt;(FileInputStream.java:153)
	at java.base/java.io.FileInputStream.&lt;init&gt;(FileInputStream.java:108)
	at java.base/java.io.FileReader.&lt;init&gt;(FileReader.java:60)
	at com.example.testing_exercise.StepDefinitions.readFile(StepDefinitions.java:51)
	at com.example.testing_exercise.StepDefinitions.setUpAll(StepDefinitions.java:34)
</error>
    <system-out>
Scenario Template: User checks car details against existing list &amp;#27;[90m# com/example/testing_exercise/car.feature:23&amp;#27;[0m
      &amp;#27;[31mjava.io.FileNotFoundException: input\*.txt (The filename, directory name, or volume label syntax is incorrect)
	at java.base/java.io.FileInputStream.open0(Native Method)
	at java.base/java.io.FileInputStream.open(FileInputStream.java:211)
	at java.base/java.io.FileInputStream.&lt;init&gt;(FileInputStream.java:153)
	at java.base/java.io.FileInputStream.&lt;init&gt;(FileInputStream.java:108)
	at java.base/java.io.FileReader.&lt;init&gt;(FileReader.java:60)
	at com.example.testing_exercise.StepDefinitions.readFile(StepDefinitions.java:51)
	at com.example.testing_exercise.StepDefinitions.setUpAll(StepDefinitions.java:34)
&amp;#27;[0m
  &amp;#27;[36mWhen &amp;#27;[0m&amp;#27;[36muser goes to the website and uses car &amp;#27;[0m&amp;#27;[36m&amp;#27;[1m3&amp;#27;[0m                   &amp;#27;[90m# com.example.testing_exercise.StepDefinitions.userGoesToTheWebsiteAndUsesCarIndex(int)&amp;#27;[0m
  &amp;#27;[36mThen &amp;#27;[0m&amp;#27;[36muser checks if car &amp;#27;[0m&amp;#27;[36m&amp;#27;[1m3&amp;#27;[0m&amp;#27;[36m has been repainted&amp;#27;[0m                   &amp;#27;[90m# com.example.testing_exercise.StepDefinitions.userChecksIfCarIndexHasBeenRepainted(int)&amp;#27;[0m
</system-out>
  </testcase>
  <testcase classname="Checking car details" name="User checks car details against existing list #5" time="0.017">
    <error message="input\*.txt (The filename, directory name, or volume label syntax is incorrect)" type="java.io.FileNotFoundException">java.io.FileNotFoundException: input\*.txt (The filename, directory name, or volume label syntax is incorrect)
	at java.base/java.io.FileInputStream.open0(Native Method)
	at java.base/java.io.FileInputStream.open(FileInputStream.java:211)
	at java.base/java.io.FileInputStream.&lt;init&gt;(FileInputStream.java:153)
	at java.base/java.io.FileInputStream.&lt;init&gt;(FileInputStream.java:108)
	at java.base/java.io.FileReader.&lt;init&gt;(FileReader.java:60)
	at com.example.testing_exercise.StepDefinitions.readFile(StepDefinitions.java:51)
	at com.example.testing_exercise.StepDefinitions.setUpAll(StepDefinitions.java:34)
</error>
    <system-out>
Scenario Template: User checks car details against existing list &amp;#27;[90m# com/example/testing_exercise/car.feature:31&amp;#27;[0m
      &amp;#27;[31mjava.io.FileNotFoundException: input\*.txt (The filename, directory name, or volume label syntax is incorrect)
	at java.base/java.io.FileInputStream.open0(Native Method)
	at java.base/java.io.FileInputStream.open(FileInputStream.java:211)
	at java.base/java.io.FileInputStream.&lt;init&gt;(FileInputStream.java:153)
	at java.base/java.io.FileInputStream.&lt;init&gt;(FileInputStream.java:108)
	at java.base/java.io.FileReader.&lt;init&gt;(FileReader.java:60)
	at com.example.testing_exercise.StepDefinitions.readFile(StepDefinitions.java:51)
	at com.example.testing_exercise.StepDefinitions.setUpAll(StepDefinitions.java:34)
&amp;#27;[0m
  &amp;#27;[36mWhen &amp;#27;[0m&amp;#27;[36muser goes to the website and uses car &amp;#27;[0m&amp;#27;[36m&amp;#27;[1m0&amp;#27;[0m                   &amp;#27;[90m# com.example.testing_exercise.StepDefinitions.userGoesToTheWebsiteAndUsesCarIndex(int)&amp;#27;[0m
  &amp;#27;[36mThen &amp;#27;[0m&amp;#27;[36muser checks if car &amp;#27;[0m&amp;#27;[36m&amp;#27;[1m0&amp;#27;[0m&amp;#27;[36m make is the same&amp;#27;[0m                     &amp;#27;[90m# com.example.testing_exercise.StepDefinitions.userChecksIfCarIndexMakeIsTheSame(int)&amp;#27;[0m
</system-out>
  </testcase>
  <testcase classname="Checking car details" name="User checks car details against existing list #6" time="0.005">
    <error message="input\*.txt (The filename, directory name, or volume label syntax is incorrect)" type="java.io.FileNotFoundException">java.io.FileNotFoundException: input\*.txt (The filename, directory name, or volume label syntax is incorrect)
	at java.base/java.io.FileInputStream.open0(Native Method)
	at java.base/java.io.FileInputStream.open(FileInputStream.java:211)
	at java.base/java.io.FileInputStream.&lt;init&gt;(FileInputStream.java:153)
	at java.base/java.io.FileInputStream.&lt;init&gt;(FileInputStream.java:108)
	at java.base/java.io.FileReader.&lt;init&gt;(FileReader.java:60)
	at com.example.testing_exercise.StepDefinitions.readFile(StepDefinitions.java:51)
	at com.example.testing_exercise.StepDefinitions.setUpAll(StepDefinitions.java:34)
</error>
    <system-out>
Scenario Template: User checks car details against existing list &amp;#27;[90m# com/example/testing_exercise/car.feature:32&amp;#27;[0m
      &amp;#27;[31mjava.io.FileNotFoundException: input\*.txt (The filename, directory name, or volume label syntax is incorrect)
	at java.base/java.io.FileInputStream.open0(Native Method)
	at java.base/java.io.FileInputStream.open(FileInputStream.java:211)
	at java.base/java.io.FileInputStream.&lt;init&gt;(FileInputStream.java:153)
	at java.base/java.io.FileInputStream.&lt;init&gt;(FileInputStream.java:108)
	at java.base/java.io.FileReader.&lt;init&gt;(FileReader.java:60)
	at com.example.testing_exercise.StepDefinitions.readFile(StepDefinitions.java:51)
	at com.example.testing_exercise.StepDefinitions.setUpAll(StepDefinitions.java:34)
&amp;#27;[0m
  &amp;#27;[36mWhen &amp;#27;[0m&amp;#27;[36muser goes to the website and uses car &amp;#27;[0m&amp;#27;[36m&amp;#27;[1m1&amp;#27;[0m                   &amp;#27;[90m# com.example.testing_exercise.StepDefinitions.userGoesToTheWebsiteAndUsesCarIndex(int)&amp;#27;[0m
  &amp;#27;[36mThen &amp;#27;[0m&amp;#27;[36muser checks if car &amp;#27;[0m&amp;#27;[36m&amp;#27;[1m1&amp;#27;[0m&amp;#27;[36m make is the same&amp;#27;[0m                     &amp;#27;[90m# com.example.testing_exercise.StepDefinitions.userChecksIfCarIndexMakeIsTheSame(int)&amp;#27;[0m
</system-out>
  </testcase>
  <testcase classname="Checking car details" name="User checks car details against existing list #7" time="0.007">
    <error message="input\*.txt (The filename, directory name, or volume label syntax is incorrect)" type="java.io.FileNotFoundException">java.io.FileNotFoundException: input\*.txt (The filename, directory name, or volume label syntax is incorrect)
	at java.base/java.io.FileInputStream.open0(Native Method)
	at java.base/java.io.FileInputStream.open(FileInputStream.java:211)
	at java.base/java.io.FileInputStream.&lt;init&gt;(FileInputStream.java:153)
	at java.base/java.io.FileInputStream.&lt;init&gt;(FileInputStream.java:108)
	at java.base/java.io.FileReader.&lt;init&gt;(FileReader.java:60)
	at com.example.testing_exercise.StepDefinitions.readFile(StepDefinitions.java:51)
	at com.example.testing_exercise.StepDefinitions.setUpAll(StepDefinitions.java:34)
</error>
    <system-out>
Scenario Template: User checks car details against existing list &amp;#27;[90m# com/example/testing_exercise/car.feature:33&amp;#27;[0m
      &amp;#27;[31mjava.io.FileNotFoundException: input\*.txt (The filename, directory name, or volume label syntax is incorrect)
	at java.base/java.io.FileInputStream.open0(Native Method)
	at java.base/java.io.FileInputStream.open(FileInputStream.java:211)
	at java.base/java.io.FileInputStream.&lt;init&gt;(FileInputStream.java:153)
	at java.base/java.io.FileInputStream.&lt;init&gt;(FileInputStream.java:108)
	at java.base/java.io.FileReader.&lt;init&gt;(FileReader.java:60)
	at com.example.testing_exercise.StepDefinitions.readFile(StepDefinitions.java:51)
	at com.example.testing_exercise.StepDefinitions.setUpAll(StepDefinitions.java:34)
&amp;#27;[0m
  &amp;#27;[36mWhen &amp;#27;[0m&amp;#27;[36muser goes to the website and uses car &amp;#27;[0m&amp;#27;[36m&amp;#27;[1m2&amp;#27;[0m                   &amp;#27;[90m# com.example.testing_exercise.StepDefinitions.userGoesToTheWebsiteAndUsesCarIndex(int)&amp;#27;[0m
  &amp;#27;[36mThen &amp;#27;[0m&amp;#27;[36muser checks if car &amp;#27;[0m&amp;#27;[36m&amp;#27;[1m2&amp;#27;[0m&amp;#27;[36m make is the same&amp;#27;[0m                     &amp;#27;[90m# com.example.testing_exercise.StepDefinitions.userChecksIfCarIndexMakeIsTheSame(int)&amp;#27;[0m
</system-out>
  </testcase>
  <testcase classname="Checking car details" name="User checks car details against existing list #8" time="0.004">
    <error message="input\*.txt (The filename, directory name, or volume label syntax is incorrect)" type="java.io.FileNotFoundException">java.io.FileNotFoundException: input\*.txt (The filename, directory name, or volume label syntax is incorrect)
	at java.base/java.io.FileInputStream.open0(Native Method)
	at java.base/java.io.FileInputStream.open(FileInputStream.java:211)
	at java.base/java.io.FileInputStream.&lt;init&gt;(FileInputStream.java:153)
	at java.base/java.io.FileInputStream.&lt;init&gt;(FileInputStream.java:108)
	at java.base/java.io.FileReader.&lt;init&gt;(FileReader.java:60)
	at com.example.testing_exercise.StepDefinitions.readFile(StepDefinitions.java:51)
	at com.example.testing_exercise.StepDefinitions.setUpAll(StepDefinitions.java:34)
</error>
    <system-out>
Scenario Template: User checks car details against existing list &amp;#27;[90m# com/example/testing_exercise/car.feature:34&amp;#27;[0m
      &amp;#27;[31mjava.io.FileNotFoundException: input\*.txt (The filename, directory name, or volume label syntax is incorrect)
	at java.base/java.io.FileInputStream.open0(Native Method)
	at java.base/java.io.FileInputStream.open(FileInputStream.java:211)
	at java.base/java.io.FileInputStream.&lt;init&gt;(FileInputStream.java:153)
	at java.base/java.io.FileInputStream.&lt;init&gt;(FileInputStream.java:108)
	at java.base/java.io.FileReader.&lt;init&gt;(FileReader.java:60)
	at com.example.testing_exercise.StepDefinitions.readFile(StepDefinitions.java:51)
	at com.example.testing_exercise.StepDefinitions.setUpAll(StepDefinitions.java:34)
&amp;#27;[0m
  &amp;#27;[36mWhen &amp;#27;[0m&amp;#27;[36muser goes to the website and uses car &amp;#27;[0m&amp;#27;[36m&amp;#27;[1m3&amp;#27;[0m                   &amp;#27;[90m# com.example.testing_exercise.StepDefinitions.userGoesToTheWebsiteAndUsesCarIndex(int)&amp;#27;[0m
  &amp;#27;[36mThen &amp;#27;[0m&amp;#27;[36muser checks if car &amp;#27;[0m&amp;#27;[36m&amp;#27;[1m3&amp;#27;[0m&amp;#27;[36m make is the same&amp;#27;[0m                     &amp;#27;[90m# com.example.testing_exercise.StepDefinitions.userChecksIfCarIndexMakeIsTheSame(int)&amp;#27;[0m
</system-out>
  </testcase>
  <testcase classname="Checking car details" name="User checks car details against existing list #9" time="0.01">
    <error message="input\*.txt (The filename, directory name, or volume label syntax is incorrect)" type="java.io.FileNotFoundException">java.io.FileNotFoundException: input\*.txt (The filename, directory name, or volume label syntax is incorrect)
	at java.base/java.io.FileInputStream.open0(Native Method)
	at java.base/java.io.FileInputStream.open(FileInputStream.java:211)
	at java.base/java.io.FileInputStream.&lt;init&gt;(FileInputStream.java:153)
	at java.base/java.io.FileInputStream.&lt;init&gt;(FileInputStream.java:108)
	at java.base/java.io.FileReader.&lt;init&gt;(FileReader.java:60)
	at com.example.testing_exercise.StepDefinitions.readFile(StepDefinitions.java:51)
	at com.example.testing_exercise.StepDefinitions.setUpAll(StepDefinitions.java:34)
</error>
    <system-out>
Scenario Template: User checks car details against existing list &amp;#27;[90m# com/example/testing_exercise/car.feature:42&amp;#27;[0m
      &amp;#27;[31mjava.io.FileNotFoundException: input\*.txt (The filename, directory name, or volume label syntax is incorrect)
	at java.base/java.io.FileInputStream.open0(Native Method)
	at java.base/java.io.FileInputStream.open(FileInputStream.java:211)
	at java.base/java.io.FileInputStream.&lt;init&gt;(FileInputStream.java:153)
	at java.base/java.io.FileInputStream.&lt;init&gt;(FileInputStream.java:108)
	at java.base/java.io.FileReader.&lt;init&gt;(FileReader.java:60)
	at com.example.testing_exercise.StepDefinitions.readFile(StepDefinitions.java:51)
	at com.example.testing_exercise.StepDefinitions.setUpAll(StepDefinitions.java:34)
&amp;#27;[0m
  &amp;#27;[36mWhen &amp;#27;[0m&amp;#27;[36muser goes to the website and uses car &amp;#27;[0m&amp;#27;[36m&amp;#27;[1m0&amp;#27;[0m                   &amp;#27;[90m# com.example.testing_exercise.StepDefinitions.userGoesToTheWebsiteAndUsesCarIndex(int)&amp;#27;[0m
  &amp;#27;[36mThen &amp;#27;[0m&amp;#27;[36muser checks if car &amp;#27;[0m&amp;#27;[36m&amp;#27;[1m0&amp;#27;[0m&amp;#27;[36m model is the same&amp;#27;[0m                    &amp;#27;[90m# com.example.testing_exercise.StepDefinitions.userChecksIfCarIndexModelIsTheSame(int)&amp;#27;[0m
</system-out>
  </testcase>
  <testcase classname="Checking car details" name="User checks car details against existing list #10" time="0.007">
    <error message="input\*.txt (The filename, directory name, or volume label syntax is incorrect)" type="java.io.FileNotFoundException">java.io.FileNotFoundException: input\*.txt (The filename, directory name, or volume label syntax is incorrect)
	at java.base/java.io.FileInputStream.open0(Native Method)
	at java.base/java.io.FileInputStream.open(FileInputStream.java:211)
	at java.base/java.io.FileInputStream.&lt;init&gt;(FileInputStream.java:153)
	at java.base/java.io.FileInputStream.&lt;init&gt;(FileInputStream.java:108)
	at java.base/java.io.FileReader.&lt;init&gt;(FileReader.java:60)
	at com.example.testing_exercise.StepDefinitions.readFile(StepDefinitions.java:51)
	at com.example.testing_exercise.StepDefinitions.setUpAll(StepDefinitions.java:34)
</error>
    <system-out>
Scenario Template: User checks car details against existing list &amp;#27;[90m# com/example/testing_exercise/car.feature:43&amp;#27;[0m
      &amp;#27;[31mjava.io.FileNotFoundException: input\*.txt (The filename, directory name, or volume label syntax is incorrect)
	at java.base/java.io.FileInputStream.open0(Native Method)
	at java.base/java.io.FileInputStream.open(FileInputStream.java:211)
	at java.base/java.io.FileInputStream.&lt;init&gt;(FileInputStream.java:153)
	at java.base/java.io.FileInputStream.&lt;init&gt;(FileInputStream.java:108)
	at java.base/java.io.FileReader.&lt;init&gt;(FileReader.java:60)
	at com.example.testing_exercise.StepDefinitions.readFile(StepDefinitions.java:51)
	at com.example.testing_exercise.StepDefinitions.setUpAll(StepDefinitions.java:34)
&amp;#27;[0m
  &amp;#27;[36mWhen &amp;#27;[0m&amp;#27;[36muser goes to the website and uses car &amp;#27;[0m&amp;#27;[36m&amp;#27;[1m1&amp;#27;[0m                   &amp;#27;[90m# com.example.testing_exercise.StepDefinitions.userGoesToTheWebsiteAndUsesCarIndex(int)&amp;#27;[0m
  &amp;#27;[36mThen &amp;#27;[0m&amp;#27;[36muser checks if car &amp;#27;[0m&amp;#27;[36m&amp;#27;[1m1&amp;#27;[0m&amp;#27;[36m model is the same&amp;#27;[0m                    &amp;#27;[90m# com.example.testing_exercise.StepDefinitions.userChecksIfCarIndexModelIsTheSame(int)&amp;#27;[0m
</system-out>
  </testcase>
  <testcase classname="Checking car details" name="User checks car details against existing list #11" time="0.003">
    <error message="input\*.txt (The filename, directory name, or volume label syntax is incorrect)" type="java.io.FileNotFoundException">java.io.FileNotFoundException: input\*.txt (The filename, directory name, or volume label syntax is incorrect)
	at java.base/java.io.FileInputStream.open0(Native Method)
	at java.base/java.io.FileInputStream.open(FileInputStream.java:211)
	at java.base/java.io.FileInputStream.&lt;init&gt;(FileInputStream.java:153)
	at java.base/java.io.FileInputStream.&lt;init&gt;(FileInputStream.java:108)
	at java.base/java.io.FileReader.&lt;init&gt;(FileReader.java:60)
	at com.example.testing_exercise.StepDefinitions.readFile(StepDefinitions.java:51)
	at com.example.testing_exercise.StepDefinitions.setUpAll(StepDefinitions.java:34)
</error>
    <system-out>
Scenario Template: User checks car details against existing list &amp;#27;[90m# com/example/testing_exercise/car.feature:44&amp;#27;[0m
      &amp;#27;[31mjava.io.FileNotFoundException: input\*.txt (The filename, directory name, or volume label syntax is incorrect)
	at java.base/java.io.FileInputStream.open0(Native Method)
	at java.base/java.io.FileInputStream.open(FileInputStream.java:211)
	at java.base/java.io.FileInputStream.&lt;init&gt;(FileInputStream.java:153)
	at java.base/java.io.FileInputStream.&lt;init&gt;(FileInputStream.java:108)
	at java.base/java.io.FileReader.&lt;init&gt;(FileReader.java:60)
	at com.example.testing_exercise.StepDefinitions.readFile(StepDefinitions.java:51)
	at com.example.testing_exercise.StepDefinitions.setUpAll(StepDefinitions.java:34)
&amp;#27;[0m
  &amp;#27;[36mWhen &amp;#27;[0m&amp;#27;[36muser goes to the website and uses car &amp;#27;[0m&amp;#27;[36m&amp;#27;[1m2&amp;#27;[0m                   &amp;#27;[90m# com.example.testing_exercise.StepDefinitions.userGoesToTheWebsiteAndUsesCarIndex(int)&amp;#27;[0m
  &amp;#27;[36mThen &amp;#27;[0m&amp;#27;[36muser checks if car &amp;#27;[0m&amp;#27;[36m&amp;#27;[1m2&amp;#27;[0m&amp;#27;[36m model is the same&amp;#27;[0m                    &amp;#27;[90m# com.example.testing_exercise.StepDefinitions.userChecksIfCarIndexModelIsTheSame(int)&amp;#27;[0m
</system-out>
  </testcase>
  <testcase classname="Checking car details" name="User checks car details against existing list #12" time="0.014">
    <error message="input\*.txt (The filename, directory name, or volume label syntax is incorrect)" type="java.io.FileNotFoundException">java.io.FileNotFoundException: input\*.txt (The filename, directory name, or volume label syntax is incorrect)
	at java.base/java.io.FileInputStream.open0(Native Method)
	at java.base/java.io.FileInputStream.open(FileInputStream.java:211)
	at java.base/java.io.FileInputStream.&lt;init&gt;(FileInputStream.java:153)
	at java.base/java.io.FileInputStream.&lt;init&gt;(FileInputStream.java:108)
	at java.base/java.io.FileReader.&lt;init&gt;(FileReader.java:60)
	at com.example.testing_exercise.StepDefinitions.readFile(StepDefinitions.java:51)
	at com.example.testing_exercise.StepDefinitions.setUpAll(StepDefinitions.java:34)
</error>
    <system-out>
Scenario Template: User checks car details against existing list &amp;#27;[90m# com/example/testing_exercise/car.feature:45&amp;#27;[0m
      &amp;#27;[31mjava.io.FileNotFoundException: input\*.txt (The filename, directory name, or volume label syntax is incorrect)
	at java.base/java.io.FileInputStream.open0(Native Method)
	at java.base/java.io.FileInputStream.open(FileInputStream.java:211)
	at java.base/java.io.FileInputStream.&lt;init&gt;(FileInputStream.java:153)
	at java.base/java.io.FileInputStream.&lt;init&gt;(FileInputStream.java:108)
	at java.base/java.io.FileReader.&lt;init&gt;(FileReader.java:60)
	at com.example.testing_exercise.StepDefinitions.readFile(StepDefinitions.java:51)
	at com.example.testing_exercise.StepDefinitions.setUpAll(StepDefinitions.java:34)
&amp;#27;[0m
  &amp;#27;[36mWhen &amp;#27;[0m&amp;#27;[36muser goes to the website and uses car &amp;#27;[0m&amp;#27;[36m&amp;#27;[1m3&amp;#27;[0m                   &amp;#27;[90m# com.example.testing_exercise.StepDefinitions.userGoesToTheWebsiteAndUsesCarIndex(int)&amp;#27;[0m
  &amp;#27;[36mThen &amp;#27;[0m&amp;#27;[36muser checks if car &amp;#27;[0m&amp;#27;[36m&amp;#27;[1m3&amp;#27;[0m&amp;#27;[36m model is the same&amp;#27;[0m                    &amp;#27;[90m# com.example.testing_exercise.StepDefinitions.userChecksIfCarIndexModelIsTheSame(int)&amp;#27;[0m
</system-out>
  </testcase>
  <testcase classname="Checking car details" name="User checks car details against existing list #13" time="0.003">
    <error message="input\*.txt (The filename, directory name, or volume label syntax is incorrect)" type="java.io.FileNotFoundException">java.io.FileNotFoundException: input\*.txt (The filename, directory name, or volume label syntax is incorrect)
	at java.base/java.io.FileInputStream.open0(Native Method)
	at java.base/java.io.FileInputStream.open(FileInputStream.java:211)
	at java.base/java.io.FileInputStream.&lt;init&gt;(FileInputStream.java:153)
	at java.base/java.io.FileInputStream.&lt;init&gt;(FileInputStream.java:108)
	at java.base/java.io.FileReader.&lt;init&gt;(FileReader.java:60)
	at com.example.testing_exercise.StepDefinitions.readFile(StepDefinitions.java:51)
	at com.example.testing_exercise.StepDefinitions.setUpAll(StepDefinitions.java:34)
</error>
    <system-out>
Scenario Template: User checks car details against existing list &amp;#27;[90m# com/example/testing_exercise/car.feature:53&amp;#27;[0m
      &amp;#27;[31mjava.io.FileNotFoundException: input\*.txt (The filename, directory name, or volume label syntax is incorrect)
	at java.base/java.io.FileInputStream.open0(Native Method)
	at java.base/java.io.FileInputStream.open(FileInputStream.java:211)
	at java.base/java.io.FileInputStream.&lt;init&gt;(FileInputStream.java:153)
	at java.base/java.io.FileInputStream.&lt;init&gt;(FileInputStream.java:108)
	at java.base/java.io.FileReader.&lt;init&gt;(FileReader.java:60)
	at com.example.testing_exercise.StepDefinitions.readFile(StepDefinitions.java:51)
	at com.example.testing_exercise.StepDefinitions.setUpAll(StepDefinitions.java:34)
&amp;#27;[0m
  &amp;#27;[36mWhen &amp;#27;[0m&amp;#27;[36muser goes to the website and uses car &amp;#27;[0m&amp;#27;[36m&amp;#27;[1m0&amp;#27;[0m                   &amp;#27;[90m# com.example.testing_exercise.StepDefinitions.userGoesToTheWebsiteAndUsesCarIndex(int)&amp;#27;[0m
  &amp;#27;[36mThen &amp;#27;[0m&amp;#27;[36muser checks if car &amp;#27;[0m&amp;#27;[36m&amp;#27;[1m0&amp;#27;[0m&amp;#27;[36m colour is the same&amp;#27;[0m                   &amp;#27;[90m# com.example.testing_exercise.StepDefinitions.userChecksIfCarIndexColourIsTheSame(int)&amp;#27;[0m
</system-out>
  </testcase>
  <testcase classname="Checking car details" name="User checks car details against existing list #14" time="0.006">
    <error message="input\*.txt (The filename, directory name, or volume label syntax is incorrect)" type="java.io.FileNotFoundException">java.io.FileNotFoundException: input\*.txt (The filename, directory name, or volume label syntax is incorrect)
	at java.base/java.io.FileInputStream.open0(Native Method)
	at java.base/java.io.FileInputStream.open(FileInputStream.java:211)
	at java.base/java.io.FileInputStream.&lt;init&gt;(FileInputStream.java:153)
	at java.base/java.io.FileInputStream.&lt;init&gt;(FileInputStream.java:108)
	at java.base/java.io.FileReader.&lt;init&gt;(FileReader.java:60)
	at com.example.testing_exercise.StepDefinitions.readFile(StepDefinitions.java:51)
	at com.example.testing_exercise.StepDefinitions.setUpAll(StepDefinitions.java:34)
</error>
    <system-out>
Scenario Template: User checks car details against existing list &amp;#27;[90m# com/example/testing_exercise/car.feature:54&amp;#27;[0m
      &amp;#27;[31mjava.io.FileNotFoundException: input\*.txt (The filename, directory name, or volume label syntax is incorrect)
	at java.base/java.io.FileInputStream.open0(Native Method)
	at java.base/java.io.FileInputStream.open(FileInputStream.java:211)
	at java.base/java.io.FileInputStream.&lt;init&gt;(FileInputStream.java:153)
	at java.base/java.io.FileInputStream.&lt;init&gt;(FileInputStream.java:108)
	at java.base/java.io.FileReader.&lt;init&gt;(FileReader.java:60)
	at com.example.testing_exercise.StepDefinitions.readFile(StepDefinitions.java:51)
	at com.example.testing_exercise.StepDefinitions.setUpAll(StepDefinitions.java:34)
&amp;#27;[0m
  &amp;#27;[36mWhen &amp;#27;[0m&amp;#27;[36muser goes to the website and uses car &amp;#27;[0m&amp;#27;[36m&amp;#27;[1m1&amp;#27;[0m                   &amp;#27;[90m# com.example.testing_exercise.StepDefinitions.userGoesToTheWebsiteAndUsesCarIndex(int)&amp;#27;[0m
  &amp;#27;[36mThen &amp;#27;[0m&amp;#27;[36muser checks if car &amp;#27;[0m&amp;#27;[36m&amp;#27;[1m1&amp;#27;[0m&amp;#27;[36m colour is the same&amp;#27;[0m                   &amp;#27;[90m# com.example.testing_exercise.StepDefinitions.userChecksIfCarIndexColourIsTheSame(int)&amp;#27;[0m
</system-out>
  </testcase>
  <testcase classname="Checking car details" name="User checks car details against existing list #15" time="0.005">
    <error message="input\*.txt (The filename, directory name, or volume label syntax is incorrect)" type="java.io.FileNotFoundException">java.io.FileNotFoundException: input\*.txt (The filename, directory name, or volume label syntax is incorrect)
	at java.base/java.io.FileInputStream.open0(Native Method)
	at java.base/java.io.FileInputStream.open(FileInputStream.java:211)
	at java.base/java.io.FileInputStream.&lt;init&gt;(FileInputStream.java:153)
	at java.base/java.io.FileInputStream.&lt;init&gt;(FileInputStream.java:108)
	at java.base/java.io.FileReader.&lt;init&gt;(FileReader.java:60)
	at com.example.testing_exercise.StepDefinitions.readFile(StepDefinitions.java:51)
	at com.example.testing_exercise.StepDefinitions.setUpAll(StepDefinitions.java:34)
</error>
    <system-out>
Scenario Template: User checks car details against existing list &amp;#27;[90m# com/example/testing_exercise/car.feature:55&amp;#27;[0m
      &amp;#27;[31mjava.io.FileNotFoundException: input\*.txt (The filename, directory name, or volume label syntax is incorrect)
	at java.base/java.io.FileInputStream.open0(Native Method)
	at java.base/java.io.FileInputStream.open(FileInputStream.java:211)
	at java.base/java.io.FileInputStream.&lt;init&gt;(FileInputStream.java:153)
	at java.base/java.io.FileInputStream.&lt;init&gt;(FileInputStream.java:108)
	at java.base/java.io.FileReader.&lt;init&gt;(FileReader.java:60)
	at com.example.testing_exercise.StepDefinitions.readFile(StepDefinitions.java:51)
	at com.example.testing_exercise.StepDefinitions.setUpAll(StepDefinitions.java:34)
&amp;#27;[0m
  &amp;#27;[36mWhen &amp;#27;[0m&amp;#27;[36muser goes to the website and uses car &amp;#27;[0m&amp;#27;[36m&amp;#27;[1m2&amp;#27;[0m                   &amp;#27;[90m# com.example.testing_exercise.StepDefinitions.userGoesToTheWebsiteAndUsesCarIndex(int)&amp;#27;[0m
  &amp;#27;[36mThen &amp;#27;[0m&amp;#27;[36muser checks if car &amp;#27;[0m&amp;#27;[36m&amp;#27;[1m2&amp;#27;[0m&amp;#27;[36m colour is the same&amp;#27;[0m                   &amp;#27;[90m# com.example.testing_exercise.StepDefinitions.userChecksIfCarIndexColourIsTheSame(int)&amp;#27;[0m
</system-out>
  </testcase>
  <testcase classname="Checking car details" name="User checks car details against existing list #16" time="0.01">
    <error message="input\*.txt (The filename, directory name, or volume label syntax is incorrect)" type="java.io.FileNotFoundException">java.io.FileNotFoundException: input\*.txt (The filename, directory name, or volume label syntax is incorrect)
	at java.base/java.io.FileInputStream.open0(Native Method)
	at java.base/java.io.FileInputStream.open(FileInputStream.java:211)
	at java.base/java.io.FileInputStream.&lt;init&gt;(FileInputStream.java:153)
	at java.base/java.io.FileInputStream.&lt;init&gt;(FileInputStream.java:108)
	at java.base/java.io.FileReader.&lt;init&gt;(FileReader.java:60)
	at com.example.testing_exercise.StepDefinitions.readFile(StepDefinitions.java:51)
	at com.example.testing_exercise.StepDefinitions.setUpAll(StepDefinitions.java:34)
</error>
    <system-out>
Scenario Template: User checks car details against existing list &amp;#27;[90m# com/example/testing_exercise/car.feature:56&amp;#27;[0m
      &amp;#27;[31mjava.io.FileNotFoundException: input\*.txt (The filename, directory name, or volume label syntax is incorrect)
	at java.base/java.io.FileInputStream.open0(Native Method)
	at java.base/java.io.FileInputStream.open(FileInputStream.java:211)
	at java.base/java.io.FileInputStream.&lt;init&gt;(FileInputStream.java:153)
	at java.base/java.io.FileInputStream.&lt;init&gt;(FileInputStream.java:108)
	at java.base/java.io.FileReader.&lt;init&gt;(FileReader.java:60)
	at com.example.testing_exercise.StepDefinitions.readFile(StepDefinitions.java:51)
	at com.example.testing_exercise.StepDefinitions.setUpAll(StepDefinitions.java:34)
&amp;#27;[0m
  &amp;#27;[36mWhen &amp;#27;[0m&amp;#27;[36muser goes to the website and uses car &amp;#27;[0m&amp;#27;[36m&amp;#27;[1m3&amp;#27;[0m                   &amp;#27;[90m# com.example.testing_exercise.StepDefinitions.userGoesToTheWebsiteAndUsesCarIndex(int)&amp;#27;[0m
  &amp;#27;[36mThen &amp;#27;[0m&amp;#27;[36muser checks if car &amp;#27;[0m&amp;#27;[36m&amp;#27;[1m3&amp;#27;[0m&amp;#27;[36m colour is the same&amp;#27;[0m                   &amp;#27;[90m# com.example.testing_exercise.StepDefinitions.userChecksIfCarIndexColourIsTheSame(int)&amp;#27;[0m
</system-out>
  </testcase>
  <testcase classname="Checking car details" name="User checks car details against existing list #17" time="0.004">
    <error message="input\*.txt (The filename, directory name, or volume label syntax is incorrect)" type="java.io.FileNotFoundException">java.io.FileNotFoundException: input\*.txt (The filename, directory name, or volume label syntax is incorrect)
	at java.base/java.io.FileInputStream.open0(Native Method)
	at java.base/java.io.FileInputStream.open(FileInputStream.java:211)
	at java.base/java.io.FileInputStream.&lt;init&gt;(FileInputStream.java:153)
	at java.base/java.io.FileInputStream.&lt;init&gt;(FileInputStream.java:108)
	at java.base/java.io.FileReader.&lt;init&gt;(FileReader.java:60)
	at com.example.testing_exercise.StepDefinitions.readFile(StepDefinitions.java:51)
	at com.example.testing_exercise.StepDefinitions.setUpAll(StepDefinitions.java:34)
</error>
    <system-out>
Scenario Template: User checks car details against existing list &amp;#27;[90m# com/example/testing_exercise/car.feature:64&amp;#27;[0m
      &amp;#27;[31mjava.io.FileNotFoundException: input\*.txt (The filename, directory name, or volume label syntax is incorrect)
	at java.base/java.io.FileInputStream.open0(Native Method)
	at java.base/java.io.FileInputStream.open(FileInputStream.java:211)
	at java.base/java.io.FileInputStream.&lt;init&gt;(FileInputStream.java:153)
	at java.base/java.io.FileInputStream.&lt;init&gt;(FileInputStream.java:108)
	at java.base/java.io.FileReader.&lt;init&gt;(FileReader.java:60)
	at com.example.testing_exercise.StepDefinitions.readFile(StepDefinitions.java:51)
	at com.example.testing_exercise.StepDefinitions.setUpAll(StepDefinitions.java:34)
&amp;#27;[0m
  &amp;#27;[36mWhen &amp;#27;[0m&amp;#27;[36muser goes to the website and uses car &amp;#27;[0m&amp;#27;[36m&amp;#27;[1m0&amp;#27;[0m                   &amp;#27;[90m# com.example.testing_exercise.StepDefinitions.userGoesToTheWebsiteAndUsesCarIndex(int)&amp;#27;[0m
  &amp;#27;[36mThen &amp;#27;[0m&amp;#27;[36muser checks if car &amp;#27;[0m&amp;#27;[36m&amp;#27;[1m0&amp;#27;[0m&amp;#27;[36m year is the same&amp;#27;[0m                     &amp;#27;[90m# com.example.testing_exercise.StepDefinitions.userChecksIfCarIndexYearIsTheSame(int)&amp;#27;[0m
</system-out>
  </testcase>
  <testcase classname="Checking car details" name="User checks car details against existing list #18" time="0.006">
    <error message="input\*.txt (The filename, directory name, or volume label syntax is incorrect)" type="java.io.FileNotFoundException">java.io.FileNotFoundException: input\*.txt (The filename, directory name, or volume label syntax is incorrect)
	at java.base/java.io.FileInputStream.open0(Native Method)
	at java.base/java.io.FileInputStream.open(FileInputStream.java:211)
	at java.base/java.io.FileInputStream.&lt;init&gt;(FileInputStream.java:153)
	at java.base/java.io.FileInputStream.&lt;init&gt;(FileInputStream.java:108)
	at java.base/java.io.FileReader.&lt;init&gt;(FileReader.java:60)
	at com.example.testing_exercise.StepDefinitions.readFile(StepDefinitions.java:51)
	at com.example.testing_exercise.StepDefinitions.setUpAll(StepDefinitions.java:34)
</error>
    <system-out>
Scenario Template: User checks car details against existing list &amp;#27;[90m# com/example/testing_exercise/car.feature:65&amp;#27;[0m
      &amp;#27;[31mjava.io.FileNotFoundException: input\*.txt (The filename, directory name, or volume label syntax is incorrect)
	at java.base/java.io.FileInputStream.open0(Native Method)
	at java.base/java.io.FileInputStream.open(FileInputStream.java:211)
	at java.base/java.io.FileInputStream.&lt;init&gt;(FileInputStream.java:153)
	at java.base/java.io.FileInputStream.&lt;init&gt;(FileInputStream.java:108)
	at java.base/java.io.FileReader.&lt;init&gt;(FileReader.java:60)
	at com.example.testing_exercise.StepDefinitions.readFile(StepDefinitions.java:51)
	at com.example.testing_exercise.StepDefinitions.setUpAll(StepDefinitions.java:34)
&amp;#27;[0m
  &amp;#27;[36mWhen &amp;#27;[0m&amp;#27;[36muser goes to the website and uses car &amp;#27;[0m&amp;#27;[36m&amp;#27;[1m1&amp;#27;[0m                   &amp;#27;[90m# com.example.testing_exercise.StepDefinitions.userGoesToTheWebsiteAndUsesCarIndex(int)&amp;#27;[0m
  &amp;#27;[36mThen &amp;#27;[0m&amp;#27;[36muser checks if car &amp;#27;[0m&amp;#27;[36m&amp;#27;[1m1&amp;#27;[0m&amp;#27;[36m year is the same&amp;#27;[0m                     &amp;#27;[90m# com.example.testing_exercise.StepDefinitions.userChecksIfCarIndexYearIsTheSame(int)&amp;#27;[0m
</system-out>
  </testcase>
  <testcase classname="Checking car details" name="User checks car details against existing list #19" time="0.009">
    <error message="input\*.txt (The filename, directory name, or volume label syntax is incorrect)" type="java.io.FileNotFoundException">java.io.FileNotFoundException: input\*.txt (The filename, directory name, or volume label syntax is incorrect)
	at java.base/java.io.FileInputStream.open0(Native Method)
	at java.base/java.io.FileInputStream.open(FileInputStream.java:211)
	at java.base/java.io.FileInputStream.&lt;init&gt;(FileInputStream.java:153)
	at java.base/java.io.FileInputStream.&lt;init&gt;(FileInputStream.java:108)
	at java.base/java.io.FileReader.&lt;init&gt;(FileReader.java:60)
	at com.example.testing_exercise.StepDefinitions.readFile(StepDefinitions.java:51)
	at com.example.testing_exercise.StepDefinitions.setUpAll(StepDefinitions.java:34)
</error>
    <system-out>
Scenario Template: User checks car details against existing list &amp;#27;[90m# com/example/testing_exercise/car.feature:66&amp;#27;[0m
      &amp;#27;[31mjava.io.FileNotFoundException: input\*.txt (The filename, directory name, or volume label syntax is incorrect)
	at java.base/java.io.FileInputStream.open0(Native Method)
	at java.base/java.io.FileInputStream.open(FileInputStream.java:211)
	at java.base/java.io.FileInputStream.&lt;init&gt;(FileInputStream.java:153)
	at java.base/java.io.FileInputStream.&lt;init&gt;(FileInputStream.java:108)
	at java.base/java.io.FileReader.&lt;init&gt;(FileReader.java:60)
	at com.example.testing_exercise.StepDefinitions.readFile(StepDefinitions.java:51)
	at com.example.testing_exercise.StepDefinitions.setUpAll(StepDefinitions.java:34)
&amp;#27;[0m
  &amp;#27;[36mWhen &amp;#27;[0m&amp;#27;[36muser goes to the website and uses car &amp;#27;[0m&amp;#27;[36m&amp;#27;[1m2&amp;#27;[0m                   &amp;#27;[90m# com.example.testing_exercise.StepDefinitions.userGoesToTheWebsiteAndUsesCarIndex(int)&amp;#27;[0m
  &amp;#27;[36mThen &amp;#27;[0m&amp;#27;[36muser checks if car &amp;#27;[0m&amp;#27;[36m&amp;#27;[1m2&amp;#27;[0m&amp;#27;[36m year is the same&amp;#27;[0m                     &amp;#27;[90m# com.example.testing_exercise.StepDefinitions.userChecksIfCarIndexYearIsTheSame(int)&amp;#27;[0m
</system-out>
  </testcase>
  <testcase classname="Checking car details" name="User checks car details against existing list #20" time="0.003">
    <error message="input\*.txt (The filename, directory name, or volume label syntax is incorrect)" type="java.io.FileNotFoundException">java.io.FileNotFoundException: input\*.txt (The filename, directory name, or volume label syntax is incorrect)
	at java.base/java.io.FileInputStream.open0(Native Method)
	at java.base/java.io.FileInputStream.open(FileInputStream.java:211)
	at java.base/java.io.FileInputStream.&lt;init&gt;(FileInputStream.java:153)
	at java.base/java.io.FileInputStream.&lt;init&gt;(FileInputStream.java:108)
	at java.base/java.io.FileReader.&lt;init&gt;(FileReader.java:60)
	at com.example.testing_exercise.StepDefinitions.readFile(StepDefinitions.java:51)
	at com.example.testing_exercise.StepDefinitions.setUpAll(StepDefinitions.java:34)
</error>
    <system-out>
Scenario Template: User checks car details against existing list &amp;#27;[90m# com/example/testing_exercise/car.feature:67&amp;#27;[0m
      &amp;#27;[31mjava.io.FileNotFoundException: input\*.txt (The filename, directory name, or volume label syntax is incorrect)
	at java.base/java.io.FileInputStream.open0(Native Method)
	at java.base/java.io.FileInputStream.open(FileInputStream.java:211)
	at java.base/java.io.FileInputStream.&lt;init&gt;(FileInputStream.java:153)
	at java.base/java.io.FileInputStream.&lt;init&gt;(FileInputStream.java:108)
	at java.base/java.io.FileReader.&lt;init&gt;(FileReader.java:60)
	at com.example.testing_exercise.StepDefinitions.readFile(StepDefinitions.java:51)
	at com.example.testing_exercise.StepDefinitions.setUpAll(StepDefinitions.java:34)
&amp;#27;[0m
  &amp;#27;[36mWhen &amp;#27;[0m&amp;#27;[36muser goes to the website and uses car &amp;#27;[0m&amp;#27;[36m&amp;#27;[1m3&amp;#27;[0m                   &amp;#27;[90m# com.example.testing_exercise.StepDefinitions.userGoesToTheWebsiteAndUsesCarIndex(int)&amp;#27;[0m
  &amp;#27;[36mThen &amp;#27;[0m&amp;#27;[36muser checks if car &amp;#27;[0m&amp;#27;[36m&amp;#27;[1m3&amp;#27;[0m&amp;#27;[36m year is the same&amp;#27;[0m                     &amp;#27;[90m# com.example.testing_exercise.StepDefinitions.userChecksIfCarIndexYearIsTheSame(int)&amp;#27;[0m
</system-out>
  </testcase>
</testsuite>